<?xml version="1.0" encoding="UTF-8"?>
<!DOCTYPE coverage SYSTEM "http://cobertura.sourceforge.net/xml/coverage-04.dtd">
<coverage line-rate="1" branch-rate="0" lines-covered="1272" lines-valid="1272" branches-covered="0" branches-valid="0" complexity="297" version="0.4" timestamp="1712212055">
  <sources>
    <source>/app/src</source>
  </sources>
  <packages>
    <package name="Http/Controllers/CampaignController.php" line-rate="1" branch-rate="0" complexity="15">
      <classes>
        <class name="Playground\Lead\Api\Http\Controllers\CampaignController" filename="Http/Controllers/CampaignController.php" line-rate="1" branch-rate="0" complexity="15">
          <methods>
            <method name="create" signature="Playground\Lead\Api\Http\Requests\Campaign\CreateRequest $request" line-rate="1" branch-rate="0" complexity="1">
              <lines>
                <line number="57" hits="1"/>
                <line number="59" hits="1"/>
                <line number="61" hits="1"/>
                <line number="62" hits="1"/>
                <line number="63" hits="1"/>
              </lines>
            </method>
            <method name="edit" signature="Playground\Lead\Models\Campaign $campaign, Playground\Lead\Api\Http\Requests\Campaign\EditRequest $request" line-rate="1" branch-rate="0" complexity="1">
              <lines>
                <line number="75" hits="1"/>
                <line number="76" hits="1"/>
                <line number="77" hits="1"/>
              </lines>
            </method>
            <method name="destroy" signature="Playground\Lead\Models\Campaign $campaign, Playground\Lead\Api\Http\Requests\Campaign\DestroyRequest $request" line-rate="1" branch-rate="0" complexity="2">
              <lines>
                <line number="89" hits="4"/>
                <line number="91" hits="4"/>
                <line number="92" hits="3"/>
                <line number="94" hits="1"/>
                <line number="97" hits="4"/>
              </lines>
            </method>
            <method name="lock" signature="Playground\Lead\Models\Campaign $campaign, Playground\Lead\Api\Http\Requests\Campaign\LockRequest $request" line-rate="1" branch-rate="0" complexity="1">
              <lines>
                <line number="109" hits="2"/>
                <line number="111" hits="2"/>
                <line number="113" hits="2"/>
                <line number="115" hits="2"/>
                <line number="116" hits="2"/>
                <line number="117" hits="2"/>
              </lines>
            </method>
            <method name="index" signature="Playground\Lead\Api\Http\Requests\Campaign\IndexRequest $request" line-rate="1" branch-rate="0" complexity="5">
              <lines>
                <line number="128" hits="2"/>
                <line number="130" hits="2"/>
                <line number="132" hits="2"/>
                <line number="134" hits="2"/>
                <line number="136" hits="2"/>
                <line number="137" hits="1"/>
                <line number="139" hits="1"/>
                <line number="140" hits="1"/>
                <line number="141" hits="1"/>
                <line number="142" hits="1"/>
                <line number="144" hits="1"/>
                <line number="145" hits="1"/>
                <line number="146" hits="1"/>
                <line number="147" hits="1"/>
                <line number="149" hits="1"/>
                <line number="150" hits="1"/>
                <line number="151" hits="1"/>
                <line number="152" hits="1"/>
                <line number="154" hits="1"/>
                <line number="155" hits="1"/>
                <line number="156" hits="1"/>
                <line number="157" hits="1"/>
                <line number="160" hits="2"/>
                <line number="161" hits="2"/>
                <line number="163" hits="2"/>
                <line number="165" hits="2"/>
                <line number="166" hits="2"/>
                <line number="167" hits="2"/>
              </lines>
            </method>
            <method name="restore" signature="Playground\Lead\Models\Campaign $campaign, Playground\Lead\Api\Http\Requests\Campaign\RestoreRequest $request" line-rate="1" branch-rate="0" complexity="1">
              <lines>
                <line number="179" hits="2"/>
                <line number="181" hits="2"/>
                <line number="183" hits="2"/>
                <line number="185" hits="2"/>
                <line number="186" hits="2"/>
                <line number="187" hits="2"/>
              </lines>
            </method>
            <method name="show" signature="Playground\Lead\Models\Campaign $campaign, Playground\Lead\Api\Http\Requests\Campaign\ShowRequest $request" line-rate="1" branch-rate="0" complexity="1">
              <lines>
                <line number="199" hits="1"/>
                <line number="200" hits="1"/>
                <line number="201" hits="1"/>
              </lines>
            </method>
            <method name="store" signature="Playground\Lead\Api\Http\Requests\Campaign\StoreRequest $request" line-rate="1" branch-rate="0" complexity="1">
              <lines>
                <line number="212" hits="1"/>
                <line number="214" hits="1"/>
                <line number="216" hits="1"/>
                <line number="218" hits="1"/>
                <line number="220" hits="1"/>
                <line number="222" hits="1"/>
                <line number="223" hits="1"/>
                <line number="224" hits="1"/>
              </lines>
            </method>
            <method name="unlock" signature="Playground\Lead\Models\Campaign $campaign, Playground\Lead\Api\Http\Requests\Campaign\UnlockRequest $request" line-rate="1" branch-rate="0" complexity="1">
              <lines>
                <line number="236" hits="2"/>
                <line number="238" hits="2"/>
                <line number="240" hits="2"/>
                <line number="242" hits="2"/>
                <line number="243" hits="2"/>
                <line number="244" hits="2"/>
              </lines>
            </method>
            <method name="update" signature="Playground\Lead\Models\Campaign $campaign, Playground\Lead\Api\Http\Requests\Campaign\UpdateRequest $request" line-rate="1" branch-rate="0" complexity="1">
              <lines>
                <line number="256" hits="1"/>
                <line number="258" hits="1"/>
                <line number="260" hits="1"/>
                <line number="262" hits="1"/>
                <line number="264" hits="1"/>
                <line number="265" hits="1"/>
                <line number="266" hits="1"/>
              </lines>
            </method>
          </methods>
          <lines>
            <line number="57" hits="1"/>
            <line number="59" hits="1"/>
            <line number="61" hits="1"/>
            <line number="62" hits="1"/>
            <line number="63" hits="1"/>
            <line number="75" hits="1"/>
            <line number="76" hits="1"/>
            <line number="77" hits="1"/>
            <line number="89" hits="4"/>
            <line number="91" hits="4"/>
            <line number="92" hits="3"/>
            <line number="94" hits="1"/>
            <line number="97" hits="4"/>
            <line number="109" hits="2"/>
            <line number="111" hits="2"/>
            <line number="113" hits="2"/>
            <line number="115" hits="2"/>
            <line number="116" hits="2"/>
            <line number="117" hits="2"/>
            <line number="128" hits="2"/>
            <line number="130" hits="2"/>
            <line number="132" hits="2"/>
            <line number="134" hits="2"/>
            <line number="136" hits="2"/>
            <line number="137" hits="1"/>
            <line number="139" hits="1"/>
            <line number="140" hits="1"/>
            <line number="141" hits="1"/>
            <line number="142" hits="1"/>
            <line number="144" hits="1"/>
            <line number="145" hits="1"/>
            <line number="146" hits="1"/>
            <line number="147" hits="1"/>
            <line number="149" hits="1"/>
            <line number="150" hits="1"/>
            <line number="151" hits="1"/>
            <line number="152" hits="1"/>
            <line number="154" hits="1"/>
            <line number="155" hits="1"/>
            <line number="156" hits="1"/>
            <line number="157" hits="1"/>
            <line number="160" hits="2"/>
            <line number="161" hits="2"/>
            <line number="163" hits="2"/>
            <line number="165" hits="2"/>
            <line number="166" hits="2"/>
            <line number="167" hits="2"/>
            <line number="179" hits="2"/>
            <line number="181" hits="2"/>
            <line number="183" hits="2"/>
            <line number="185" hits="2"/>
            <line number="186" hits="2"/>
            <line number="187" hits="2"/>
            <line number="199" hits="1"/>
            <line number="200" hits="1"/>
            <line number="201" hits="1"/>
            <line number="212" hits="1"/>
            <line number="214" hits="1"/>
            <line number="216" hits="1"/>
            <line number="218" hits="1"/>
            <line number="220" hits="1"/>
            <line number="222" hits="1"/>
            <line number="223" hits="1"/>
            <line number="224" hits="1"/>
            <line number="236" hits="2"/>
            <line number="238" hits="2"/>
            <line number="240" hits="2"/>
            <line number="242" hits="2"/>
            <line number="243" hits="2"/>
            <line number="244" hits="2"/>
            <line number="256" hits="1"/>
            <line number="258" hits="1"/>
            <line number="260" hits="1"/>
            <line number="262" hits="1"/>
            <line number="264" hits="1"/>
            <line number="265" hits="1"/>
            <line number="266" hits="1"/>
          </lines>
        </class>
      </classes>
    </package>
    <package name="Http/Controllers/Controller.php" line-rate="0" branch-rate="0" complexity="0">
      <classes>
        <class name="Playground\Lead\Api\Http\Controllers\Controller" filename="Http/Controllers/Controller.php" line-rate="0" branch-rate="0" complexity="0">
          <methods/>
          <lines/>
        </class>
      </classes>
    </package>
    <package name="Http/Controllers/GoalController.php" line-rate="1" branch-rate="0" complexity="15">
      <classes>
        <class name="Playground\Lead\Api\Http\Controllers\GoalController" filename="Http/Controllers/GoalController.php" line-rate="1" branch-rate="0" complexity="15">
          <methods>
            <method name="create" signature="Playground\Lead\Api\Http\Requests\Goal\CreateRequest $request" line-rate="1" branch-rate="0" complexity="1">
              <lines>
                <line number="57" hits="1"/>
                <line number="59" hits="1"/>
                <line number="61" hits="1"/>
                <line number="62" hits="1"/>
                <line number="63" hits="1"/>
              </lines>
            </method>
            <method name="edit" signature="Playground\Lead\Models\Goal $goal, Playground\Lead\Api\Http\Requests\Goal\EditRequest $request" line-rate="1" branch-rate="0" complexity="1">
              <lines>
                <line number="75" hits="1"/>
                <line number="76" hits="1"/>
                <line number="77" hits="1"/>
              </lines>
            </method>
            <method name="destroy" signature="Playground\Lead\Models\Goal $goal, Playground\Lead\Api\Http\Requests\Goal\DestroyRequest $request" line-rate="1" branch-rate="0" complexity="2">
              <lines>
                <line number="89" hits="4"/>
                <line number="91" hits="4"/>
                <line number="92" hits="3"/>
                <line number="94" hits="1"/>
                <line number="97" hits="4"/>
              </lines>
            </method>
            <method name="lock" signature="Playground\Lead\Models\Goal $goal, Playground\Lead\Api\Http\Requests\Goal\LockRequest $request" line-rate="1" branch-rate="0" complexity="1">
              <lines>
                <line number="109" hits="2"/>
                <line number="111" hits="2"/>
                <line number="113" hits="2"/>
                <line number="115" hits="2"/>
                <line number="116" hits="2"/>
                <line number="117" hits="2"/>
              </lines>
            </method>
            <method name="index" signature="Playground\Lead\Api\Http\Requests\Goal\IndexRequest $request" line-rate="1" branch-rate="0" complexity="5">
              <lines>
                <line number="128" hits="2"/>
                <line number="130" hits="2"/>
                <line number="132" hits="2"/>
                <line number="134" hits="2"/>
                <line number="136" hits="2"/>
                <line number="137" hits="1"/>
                <line number="139" hits="1"/>
                <line number="140" hits="1"/>
                <line number="141" hits="1"/>
                <line number="142" hits="1"/>
                <line number="144" hits="1"/>
                <line number="145" hits="1"/>
                <line number="146" hits="1"/>
                <line number="147" hits="1"/>
                <line number="149" hits="1"/>
                <line number="150" hits="1"/>
                <line number="151" hits="1"/>
                <line number="152" hits="1"/>
                <line number="154" hits="1"/>
                <line number="155" hits="1"/>
                <line number="156" hits="1"/>
                <line number="157" hits="1"/>
                <line number="160" hits="2"/>
                <line number="161" hits="2"/>
                <line number="163" hits="2"/>
                <line number="165" hits="2"/>
                <line number="166" hits="2"/>
                <line number="167" hits="2"/>
              </lines>
            </method>
            <method name="restore" signature="Playground\Lead\Models\Goal $goal, Playground\Lead\Api\Http\Requests\Goal\RestoreRequest $request" line-rate="1" branch-rate="0" complexity="1">
              <lines>
                <line number="179" hits="2"/>
                <line number="181" hits="2"/>
                <line number="183" hits="2"/>
                <line number="185" hits="2"/>
                <line number="186" hits="2"/>
                <line number="187" hits="2"/>
              </lines>
            </method>
            <method name="show" signature="Playground\Lead\Models\Goal $goal, Playground\Lead\Api\Http\Requests\Goal\ShowRequest $request" line-rate="1" branch-rate="0" complexity="1">
              <lines>
                <line number="199" hits="1"/>
                <line number="200" hits="1"/>
                <line number="201" hits="1"/>
              </lines>
            </method>
            <method name="store" signature="Playground\Lead\Api\Http\Requests\Goal\StoreRequest $request" line-rate="1" branch-rate="0" complexity="1">
              <lines>
                <line number="212" hits="1"/>
                <line number="214" hits="1"/>
                <line number="216" hits="1"/>
                <line number="218" hits="1"/>
                <line number="220" hits="1"/>
                <line number="222" hits="1"/>
                <line number="223" hits="1"/>
                <line number="224" hits="1"/>
              </lines>
            </method>
            <method name="unlock" signature="Playground\Lead\Models\Goal $goal, Playground\Lead\Api\Http\Requests\Goal\UnlockRequest $request" line-rate="1" branch-rate="0" complexity="1">
              <lines>
                <line number="236" hits="2"/>
                <line number="238" hits="2"/>
                <line number="240" hits="2"/>
                <line number="242" hits="2"/>
                <line number="243" hits="2"/>
                <line number="244" hits="2"/>
              </lines>
            </method>
            <method name="update" signature="Playground\Lead\Models\Goal $goal, Playground\Lead\Api\Http\Requests\Goal\UpdateRequest $request" line-rate="1" branch-rate="0" complexity="1">
              <lines>
                <line number="256" hits="1"/>
                <line number="258" hits="1"/>
                <line number="260" hits="1"/>
                <line number="262" hits="1"/>
                <line number="264" hits="1"/>
                <line number="265" hits="1"/>
                <line number="266" hits="1"/>
              </lines>
            </method>
          </methods>
          <lines>
            <line number="57" hits="1"/>
            <line number="59" hits="1"/>
            <line number="61" hits="1"/>
            <line number="62" hits="1"/>
            <line number="63" hits="1"/>
            <line number="75" hits="1"/>
            <line number="76" hits="1"/>
            <line number="77" hits="1"/>
            <line number="89" hits="4"/>
            <line number="91" hits="4"/>
            <line number="92" hits="3"/>
            <line number="94" hits="1"/>
            <line number="97" hits="4"/>
            <line number="109" hits="2"/>
            <line number="111" hits="2"/>
            <line number="113" hits="2"/>
            <line number="115" hits="2"/>
            <line number="116" hits="2"/>
            <line number="117" hits="2"/>
            <line number="128" hits="2"/>
            <line number="130" hits="2"/>
            <line number="132" hits="2"/>
            <line number="134" hits="2"/>
            <line number="136" hits="2"/>
            <line number="137" hits="1"/>
            <line number="139" hits="1"/>
            <line number="140" hits="1"/>
            <line number="141" hits="1"/>
            <line number="142" hits="1"/>
            <line number="144" hits="1"/>
            <line number="145" hits="1"/>
            <line number="146" hits="1"/>
            <line number="147" hits="1"/>
            <line number="149" hits="1"/>
            <line number="150" hits="1"/>
            <line number="151" hits="1"/>
            <line number="152" hits="1"/>
            <line number="154" hits="1"/>
            <line number="155" hits="1"/>
            <line number="156" hits="1"/>
            <line number="157" hits="1"/>
            <line number="160" hits="2"/>
            <line number="161" hits="2"/>
            <line number="163" hits="2"/>
            <line number="165" hits="2"/>
            <line number="166" hits="2"/>
            <line number="167" hits="2"/>
            <line number="179" hits="2"/>
            <line number="181" hits="2"/>
            <line number="183" hits="2"/>
            <line number="185" hits="2"/>
            <line number="186" hits="2"/>
            <line number="187" hits="2"/>
            <line number="199" hits="1"/>
            <line number="200" hits="1"/>
            <line number="201" hits="1"/>
            <line number="212" hits="1"/>
            <line number="214" hits="1"/>
            <line number="216" hits="1"/>
            <line number="218" hits="1"/>
            <line number="220" hits="1"/>
            <line number="222" hits="1"/>
            <line number="223" hits="1"/>
            <line number="224" hits="1"/>
            <line number="236" hits="2"/>
            <line number="238" hits="2"/>
            <line number="240" hits="2"/>
            <line number="242" hits="2"/>
            <line number="243" hits="2"/>
            <line number="244" hits="2"/>
            <line number="256" hits="1"/>
            <line number="258" hits="1"/>
            <line number="260" hits="1"/>
            <line number="262" hits="1"/>
            <line number="264" hits="1"/>
            <line number="265" hits="1"/>
            <line number="266" hits="1"/>
          </lines>
        </class>
      </classes>
    </package>
    <package name="Http/Controllers/LeadController.php" line-rate="1" branch-rate="0" complexity="15">
      <classes>
        <class name="Playground\Lead\Api\Http\Controllers\LeadController" filename="Http/Controllers/LeadController.php" line-rate="1" branch-rate="0" complexity="15">
          <methods>
            <method name="create" signature="Playground\Lead\Api\Http\Requests\Lead\CreateRequest $request" line-rate="1" branch-rate="0" complexity="1">
              <lines>
                <line number="57" hits="1"/>
                <line number="59" hits="1"/>
                <line number="61" hits="1"/>
                <line number="62" hits="1"/>
                <line number="63" hits="1"/>
              </lines>
            </method>
            <method name="edit" signature="Playground\Lead\Models\Lead $lead, Playground\Lead\Api\Http\Requests\Lead\EditRequest $request" line-rate="1" branch-rate="0" complexity="1">
              <lines>
                <line number="75" hits="1"/>
                <line number="76" hits="1"/>
                <line number="77" hits="1"/>
              </lines>
            </method>
            <method name="destroy" signature="Playground\Lead\Models\Lead $lead, Playground\Lead\Api\Http\Requests\Lead\DestroyRequest $request" line-rate="1" branch-rate="0" complexity="2">
              <lines>
                <line number="89" hits="4"/>
                <line number="91" hits="4"/>
                <line number="92" hits="3"/>
                <line number="94" hits="1"/>
                <line number="97" hits="4"/>
              </lines>
            </method>
            <method name="lock" signature="Playground\Lead\Models\Lead $lead, Playground\Lead\Api\Http\Requests\Lead\LockRequest $request" line-rate="1" branch-rate="0" complexity="1">
              <lines>
                <line number="109" hits="2"/>
                <line number="111" hits="2"/>
                <line number="113" hits="2"/>
                <line number="115" hits="2"/>
                <line number="116" hits="2"/>
                <line number="117" hits="2"/>
              </lines>
            </method>
            <method name="index" signature="Playground\Lead\Api\Http\Requests\Lead\IndexRequest $request" line-rate="1" branch-rate="0" complexity="5">
              <lines>
                <line number="128" hits="2"/>
                <line number="130" hits="2"/>
                <line number="132" hits="2"/>
                <line number="134" hits="2"/>
                <line number="136" hits="2"/>
                <line number="137" hits="1"/>
                <line number="139" hits="1"/>
                <line number="140" hits="1"/>
                <line number="141" hits="1"/>
                <line number="142" hits="1"/>
                <line number="144" hits="1"/>
                <line number="145" hits="1"/>
                <line number="146" hits="1"/>
                <line number="147" hits="1"/>
                <line number="149" hits="1"/>
                <line number="150" hits="1"/>
                <line number="151" hits="1"/>
                <line number="152" hits="1"/>
                <line number="154" hits="1"/>
                <line number="155" hits="1"/>
                <line number="156" hits="1"/>
                <line number="157" hits="1"/>
                <line number="160" hits="2"/>
                <line number="161" hits="2"/>
                <line number="163" hits="2"/>
                <line number="165" hits="2"/>
                <line number="166" hits="2"/>
                <line number="167" hits="2"/>
              </lines>
            </method>
            <method name="restore" signature="Playground\Lead\Models\Lead $lead, Playground\Lead\Api\Http\Requests\Lead\RestoreRequest $request" line-rate="1" branch-rate="0" complexity="1">
              <lines>
                <line number="179" hits="2"/>
                <line number="181" hits="2"/>
                <line number="183" hits="2"/>
                <line number="185" hits="2"/>
                <line number="186" hits="2"/>
                <line number="187" hits="2"/>
              </lines>
            </method>
            <method name="show" signature="Playground\Lead\Models\Lead $lead, Playground\Lead\Api\Http\Requests\Lead\ShowRequest $request" line-rate="1" branch-rate="0" complexity="1">
              <lines>
                <line number="199" hits="1"/>
                <line number="200" hits="1"/>
                <line number="201" hits="1"/>
              </lines>
            </method>
            <method name="store" signature="Playground\Lead\Api\Http\Requests\Lead\StoreRequest $request" line-rate="1" branch-rate="0" complexity="1">
              <lines>
                <line number="212" hits="1"/>
                <line number="214" hits="1"/>
                <line number="216" hits="1"/>
                <line number="218" hits="1"/>
                <line number="220" hits="1"/>
                <line number="222" hits="1"/>
                <line number="223" hits="1"/>
                <line number="224" hits="1"/>
              </lines>
            </method>
            <method name="unlock" signature="Playground\Lead\Models\Lead $lead, Playground\Lead\Api\Http\Requests\Lead\UnlockRequest $request" line-rate="1" branch-rate="0" complexity="1">
              <lines>
                <line number="236" hits="2"/>
                <line number="238" hits="2"/>
                <line number="240" hits="2"/>
                <line number="242" hits="2"/>
                <line number="243" hits="2"/>
                <line number="244" hits="2"/>
              </lines>
            </method>
            <method name="update" signature="Playground\Lead\Models\Lead $lead, Playground\Lead\Api\Http\Requests\Lead\UpdateRequest $request" line-rate="1" branch-rate="0" complexity="1">
              <lines>
                <line number="256" hits="1"/>
                <line number="258" hits="1"/>
                <line number="260" hits="1"/>
                <line number="262" hits="1"/>
                <line number="264" hits="1"/>
                <line number="265" hits="1"/>
                <line number="266" hits="1"/>
              </lines>
            </method>
          </methods>
          <lines>
            <line number="57" hits="1"/>
            <line number="59" hits="1"/>
            <line number="61" hits="1"/>
            <line number="62" hits="1"/>
            <line number="63" hits="1"/>
            <line number="75" hits="1"/>
            <line number="76" hits="1"/>
            <line number="77" hits="1"/>
            <line number="89" hits="4"/>
            <line number="91" hits="4"/>
            <line number="92" hits="3"/>
            <line number="94" hits="1"/>
            <line number="97" hits="4"/>
            <line number="109" hits="2"/>
            <line number="111" hits="2"/>
            <line number="113" hits="2"/>
            <line number="115" hits="2"/>
            <line number="116" hits="2"/>
            <line number="117" hits="2"/>
            <line number="128" hits="2"/>
            <line number="130" hits="2"/>
            <line number="132" hits="2"/>
            <line number="134" hits="2"/>
            <line number="136" hits="2"/>
            <line number="137" hits="1"/>
            <line number="139" hits="1"/>
            <line number="140" hits="1"/>
            <line number="141" hits="1"/>
            <line number="142" hits="1"/>
            <line number="144" hits="1"/>
            <line number="145" hits="1"/>
            <line number="146" hits="1"/>
            <line number="147" hits="1"/>
            <line number="149" hits="1"/>
            <line number="150" hits="1"/>
            <line number="151" hits="1"/>
            <line number="152" hits="1"/>
            <line number="154" hits="1"/>
            <line number="155" hits="1"/>
            <line number="156" hits="1"/>
            <line number="157" hits="1"/>
            <line number="160" hits="2"/>
            <line number="161" hits="2"/>
            <line number="163" hits="2"/>
            <line number="165" hits="2"/>
            <line number="166" hits="2"/>
            <line number="167" hits="2"/>
            <line number="179" hits="2"/>
            <line number="181" hits="2"/>
            <line number="183" hits="2"/>
            <line number="185" hits="2"/>
            <line number="186" hits="2"/>
            <line number="187" hits="2"/>
            <line number="199" hits="1"/>
            <line number="200" hits="1"/>
            <line number="201" hits="1"/>
            <line number="212" hits="1"/>
            <line number="214" hits="1"/>
            <line number="216" hits="1"/>
            <line number="218" hits="1"/>
            <line number="220" hits="1"/>
            <line number="222" hits="1"/>
            <line number="223" hits="1"/>
            <line number="224" hits="1"/>
            <line number="236" hits="2"/>
            <line number="238" hits="2"/>
            <line number="240" hits="2"/>
            <line number="242" hits="2"/>
            <line number="243" hits="2"/>
            <line number="244" hits="2"/>
            <line number="256" hits="1"/>
            <line number="258" hits="1"/>
            <line number="260" hits="1"/>
            <line number="262" hits="1"/>
            <line number="264" hits="1"/>
            <line number="265" hits="1"/>
            <line number="266" hits="1"/>
          </lines>
        </class>
      </classes>
    </package>
    <package name="Http/Controllers/OpportunityController.php" line-rate="1" branch-rate="0" complexity="15">
      <classes>
        <class name="Playground\Lead\Api\Http\Controllers\OpportunityController" filename="Http/Controllers/OpportunityController.php" line-rate="1" branch-rate="0" complexity="15">
          <methods>
            <method name="create" signature="Playground\Lead\Api\Http\Requests\Opportunity\CreateRequest $request" line-rate="1" branch-rate="0" complexity="1">
              <lines>
                <line number="57" hits="1"/>
                <line number="59" hits="1"/>
                <line number="61" hits="1"/>
                <line number="62" hits="1"/>
                <line number="63" hits="1"/>
              </lines>
            </method>
            <method name="edit" signature="Playground\Lead\Models\Opportunity $opportunity, Playground\Lead\Api\Http\Requests\Opportunity\EditRequest $request" line-rate="1" branch-rate="0" complexity="1">
              <lines>
                <line number="75" hits="1"/>
                <line number="76" hits="1"/>
                <line number="77" hits="1"/>
              </lines>
            </method>
            <method name="destroy" signature="Playground\Lead\Models\Opportunity $opportunity, Playground\Lead\Api\Http\Requests\Opportunity\DestroyRequest $request" line-rate="1" branch-rate="0" complexity="2">
              <lines>
                <line number="89" hits="4"/>
                <line number="91" hits="4"/>
                <line number="92" hits="3"/>
                <line number="94" hits="1"/>
                <line number="97" hits="4"/>
              </lines>
            </method>
            <method name="lock" signature="Playground\Lead\Models\Opportunity $opportunity, Playground\Lead\Api\Http\Requests\Opportunity\LockRequest $request" line-rate="1" branch-rate="0" complexity="1">
              <lines>
                <line number="109" hits="2"/>
                <line number="111" hits="2"/>
                <line number="113" hits="2"/>
                <line number="115" hits="2"/>
                <line number="116" hits="2"/>
                <line number="117" hits="2"/>
              </lines>
            </method>
            <method name="index" signature="Playground\Lead\Api\Http\Requests\Opportunity\IndexRequest $request" line-rate="1" branch-rate="0" complexity="5">
              <lines>
                <line number="128" hits="2"/>
                <line number="130" hits="2"/>
                <line number="132" hits="2"/>
                <line number="134" hits="2"/>
                <line number="136" hits="2"/>
                <line number="137" hits="1"/>
                <line number="139" hits="1"/>
                <line number="140" hits="1"/>
                <line number="141" hits="1"/>
                <line number="142" hits="1"/>
                <line number="144" hits="1"/>
                <line number="145" hits="1"/>
                <line number="146" hits="1"/>
                <line number="147" hits="1"/>
                <line number="149" hits="1"/>
                <line number="150" hits="1"/>
                <line number="151" hits="1"/>
                <line number="152" hits="1"/>
                <line number="154" hits="1"/>
                <line number="155" hits="1"/>
                <line number="156" hits="1"/>
                <line number="157" hits="1"/>
                <line number="160" hits="2"/>
                <line number="161" hits="2"/>
                <line number="163" hits="2"/>
                <line number="165" hits="2"/>
                <line number="166" hits="2"/>
                <line number="167" hits="2"/>
              </lines>
            </method>
            <method name="restore" signature="Playground\Lead\Models\Opportunity $opportunity, Playground\Lead\Api\Http\Requests\Opportunity\RestoreRequest $request" line-rate="1" branch-rate="0" complexity="1">
              <lines>
                <line number="179" hits="2"/>
                <line number="181" hits="2"/>
                <line number="183" hits="2"/>
                <line number="185" hits="2"/>
                <line number="186" hits="2"/>
                <line number="187" hits="2"/>
              </lines>
            </method>
            <method name="show" signature="Playground\Lead\Models\Opportunity $opportunity, Playground\Lead\Api\Http\Requests\Opportunity\ShowRequest $request" line-rate="1" branch-rate="0" complexity="1">
              <lines>
                <line number="199" hits="1"/>
                <line number="200" hits="1"/>
                <line number="201" hits="1"/>
              </lines>
            </method>
            <method name="store" signature="Playground\Lead\Api\Http\Requests\Opportunity\StoreRequest $request" line-rate="1" branch-rate="0" complexity="1">
              <lines>
                <line number="212" hits="1"/>
                <line number="214" hits="1"/>
                <line number="216" hits="1"/>
                <line number="218" hits="1"/>
                <line number="220" hits="1"/>
                <line number="222" hits="1"/>
                <line number="223" hits="1"/>
                <line number="224" hits="1"/>
              </lines>
            </method>
            <method name="unlock" signature="Playground\Lead\Models\Opportunity $opportunity, Playground\Lead\Api\Http\Requests\Opportunity\UnlockRequest $request" line-rate="1" branch-rate="0" complexity="1">
              <lines>
                <line number="236" hits="2"/>
                <line number="238" hits="2"/>
                <line number="240" hits="2"/>
                <line number="242" hits="2"/>
                <line number="243" hits="2"/>
                <line number="244" hits="2"/>
              </lines>
            </method>
            <method name="update" signature="Playground\Lead\Models\Opportunity $opportunity, Playground\Lead\Api\Http\Requests\Opportunity\UpdateRequest $request" line-rate="1" branch-rate="0" complexity="1">
              <lines>
                <line number="256" hits="1"/>
                <line number="258" hits="1"/>
                <line number="260" hits="1"/>
                <line number="262" hits="1"/>
                <line number="264" hits="1"/>
                <line number="265" hits="1"/>
                <line number="266" hits="1"/>
              </lines>
            </method>
          </methods>
          <lines>
            <line number="57" hits="1"/>
            <line number="59" hits="1"/>
            <line number="61" hits="1"/>
            <line number="62" hits="1"/>
            <line number="63" hits="1"/>
            <line number="75" hits="1"/>
            <line number="76" hits="1"/>
            <line number="77" hits="1"/>
            <line number="89" hits="4"/>
            <line number="91" hits="4"/>
            <line number="92" hits="3"/>
            <line number="94" hits="1"/>
            <line number="97" hits="4"/>
            <line number="109" hits="2"/>
            <line number="111" hits="2"/>
            <line number="113" hits="2"/>
            <line number="115" hits="2"/>
            <line number="116" hits="2"/>
            <line number="117" hits="2"/>
            <line number="128" hits="2"/>
            <line number="130" hits="2"/>
            <line number="132" hits="2"/>
            <line number="134" hits="2"/>
            <line number="136" hits="2"/>
            <line number="137" hits="1"/>
            <line number="139" hits="1"/>
            <line number="140" hits="1"/>
            <line number="141" hits="1"/>
            <line number="142" hits="1"/>
            <line number="144" hits="1"/>
            <line number="145" hits="1"/>
            <line number="146" hits="1"/>
            <line number="147" hits="1"/>
            <line number="149" hits="1"/>
            <line number="150" hits="1"/>
            <line number="151" hits="1"/>
            <line number="152" hits="1"/>
            <line number="154" hits="1"/>
            <line number="155" hits="1"/>
            <line number="156" hits="1"/>
            <line number="157" hits="1"/>
            <line number="160" hits="2"/>
            <line number="161" hits="2"/>
            <line number="163" hits="2"/>
            <line number="165" hits="2"/>
            <line number="166" hits="2"/>
            <line number="167" hits="2"/>
            <line number="179" hits="2"/>
            <line number="181" hits="2"/>
            <line number="183" hits="2"/>
            <line number="185" hits="2"/>
            <line number="186" hits="2"/>
            <line number="187" hits="2"/>
            <line number="199" hits="1"/>
            <line number="200" hits="1"/>
            <line number="201" hits="1"/>
            <line number="212" hits="1"/>
            <line number="214" hits="1"/>
            <line number="216" hits="1"/>
            <line number="218" hits="1"/>
            <line number="220" hits="1"/>
            <line number="222" hits="1"/>
            <line number="223" hits="1"/>
            <line number="224" hits="1"/>
            <line number="236" hits="2"/>
            <line number="238" hits="2"/>
            <line number="240" hits="2"/>
            <line number="242" hits="2"/>
            <line number="243" hits="2"/>
            <line number="244" hits="2"/>
            <line number="256" hits="1"/>
            <line number="258" hits="1"/>
            <line number="260" hits="1"/>
            <line number="262" hits="1"/>
            <line number="264" hits="1"/>
            <line number="265" hits="1"/>
            <line number="266" hits="1"/>
          </lines>
        </class>
      </classes>
    </package>
    <package name="Http/Controllers/PlanController.php" line-rate="1" branch-rate="0" complexity="15">
      <classes>
        <class name="Playground\Lead\Api\Http\Controllers\PlanController" filename="Http/Controllers/PlanController.php" line-rate="1" branch-rate="0" complexity="15">
          <methods>
            <method name="create" signature="Playground\Lead\Api\Http\Requests\Plan\CreateRequest $request" line-rate="1" branch-rate="0" complexity="1">
              <lines>
                <line number="57" hits="1"/>
                <line number="59" hits="1"/>
                <line number="61" hits="1"/>
                <line number="62" hits="1"/>
                <line number="63" hits="1"/>
              </lines>
            </method>
            <method name="edit" signature="Playground\Lead\Models\Plan $plan, Playground\Lead\Api\Http\Requests\Plan\EditRequest $request" line-rate="1" branch-rate="0" complexity="1">
              <lines>
                <line number="75" hits="1"/>
                <line number="76" hits="1"/>
                <line number="77" hits="1"/>
              </lines>
            </method>
            <method name="destroy" signature="Playground\Lead\Models\Plan $plan, Playground\Lead\Api\Http\Requests\Plan\DestroyRequest $request" line-rate="1" branch-rate="0" complexity="2">
              <lines>
                <line number="89" hits="4"/>
                <line number="91" hits="4"/>
                <line number="92" hits="3"/>
                <line number="94" hits="1"/>
                <line number="97" hits="4"/>
              </lines>
            </method>
            <method name="lock" signature="Playground\Lead\Models\Plan $plan, Playground\Lead\Api\Http\Requests\Plan\LockRequest $request" line-rate="1" branch-rate="0" complexity="1">
              <lines>
                <line number="109" hits="2"/>
                <line number="111" hits="2"/>
                <line number="113" hits="2"/>
                <line number="115" hits="2"/>
                <line number="116" hits="2"/>
                <line number="117" hits="2"/>
              </lines>
            </method>
            <method name="index" signature="Playground\Lead\Api\Http\Requests\Plan\IndexRequest $request" line-rate="1" branch-rate="0" complexity="5">
              <lines>
                <line number="128" hits="2"/>
                <line number="130" hits="2"/>
                <line number="132" hits="2"/>
                <line number="134" hits="2"/>
                <line number="136" hits="2"/>
                <line number="137" hits="1"/>
                <line number="139" hits="1"/>
                <line number="140" hits="1"/>
                <line number="141" hits="1"/>
                <line number="142" hits="1"/>
                <line number="144" hits="1"/>
                <line number="145" hits="1"/>
                <line number="146" hits="1"/>
                <line number="147" hits="1"/>
                <line number="149" hits="1"/>
                <line number="150" hits="1"/>
                <line number="151" hits="1"/>
                <line number="152" hits="1"/>
                <line number="154" hits="1"/>
                <line number="155" hits="1"/>
                <line number="156" hits="1"/>
                <line number="157" hits="1"/>
                <line number="160" hits="2"/>
                <line number="161" hits="2"/>
                <line number="163" hits="2"/>
                <line number="165" hits="2"/>
                <line number="166" hits="2"/>
                <line number="167" hits="2"/>
              </lines>
            </method>
            <method name="restore" signature="Playground\Lead\Models\Plan $plan, Playground\Lead\Api\Http\Requests\Plan\RestoreRequest $request" line-rate="1" branch-rate="0" complexity="1">
              <lines>
                <line number="179" hits="2"/>
                <line number="181" hits="2"/>
                <line number="183" hits="2"/>
                <line number="185" hits="2"/>
                <line number="186" hits="2"/>
                <line number="187" hits="2"/>
              </lines>
            </method>
            <method name="show" signature="Playground\Lead\Models\Plan $plan, Playground\Lead\Api\Http\Requests\Plan\ShowRequest $request" line-rate="1" branch-rate="0" complexity="1">
              <lines>
                <line number="199" hits="1"/>
                <line number="200" hits="1"/>
                <line number="201" hits="1"/>
              </lines>
            </method>
            <method name="store" signature="Playground\Lead\Api\Http\Requests\Plan\StoreRequest $request" line-rate="1" branch-rate="0" complexity="1">
              <lines>
                <line number="212" hits="1"/>
                <line number="214" hits="1"/>
                <line number="216" hits="1"/>
                <line number="218" hits="1"/>
                <line number="220" hits="1"/>
                <line number="222" hits="1"/>
                <line number="223" hits="1"/>
                <line number="224" hits="1"/>
              </lines>
            </method>
            <method name="unlock" signature="Playground\Lead\Models\Plan $plan, Playground\Lead\Api\Http\Requests\Plan\UnlockRequest $request" line-rate="1" branch-rate="0" complexity="1">
              <lines>
                <line number="236" hits="2"/>
                <line number="238" hits="2"/>
                <line number="240" hits="2"/>
                <line number="242" hits="2"/>
                <line number="243" hits="2"/>
                <line number="244" hits="2"/>
              </lines>
            </method>
            <method name="update" signature="Playground\Lead\Models\Plan $plan, Playground\Lead\Api\Http\Requests\Plan\UpdateRequest $request" line-rate="1" branch-rate="0" complexity="1">
              <lines>
                <line number="256" hits="1"/>
                <line number="258" hits="1"/>
                <line number="260" hits="1"/>
                <line number="262" hits="1"/>
                <line number="264" hits="1"/>
                <line number="265" hits="1"/>
                <line number="266" hits="1"/>
              </lines>
            </method>
          </methods>
          <lines>
            <line number="57" hits="1"/>
            <line number="59" hits="1"/>
            <line number="61" hits="1"/>
            <line number="62" hits="1"/>
            <line number="63" hits="1"/>
            <line number="75" hits="1"/>
            <line number="76" hits="1"/>
            <line number="77" hits="1"/>
            <line number="89" hits="4"/>
            <line number="91" hits="4"/>
            <line number="92" hits="3"/>
            <line number="94" hits="1"/>
            <line number="97" hits="4"/>
            <line number="109" hits="2"/>
            <line number="111" hits="2"/>
            <line number="113" hits="2"/>
            <line number="115" hits="2"/>
            <line number="116" hits="2"/>
            <line number="117" hits="2"/>
            <line number="128" hits="2"/>
            <line number="130" hits="2"/>
            <line number="132" hits="2"/>
            <line number="134" hits="2"/>
            <line number="136" hits="2"/>
            <line number="137" hits="1"/>
            <line number="139" hits="1"/>
            <line number="140" hits="1"/>
            <line number="141" hits="1"/>
            <line number="142" hits="1"/>
            <line number="144" hits="1"/>
            <line number="145" hits="1"/>
            <line number="146" hits="1"/>
            <line number="147" hits="1"/>
            <line number="149" hits="1"/>
            <line number="150" hits="1"/>
            <line number="151" hits="1"/>
            <line number="152" hits="1"/>
            <line number="154" hits="1"/>
            <line number="155" hits="1"/>
            <line number="156" hits="1"/>
            <line number="157" hits="1"/>
            <line number="160" hits="2"/>
            <line number="161" hits="2"/>
            <line number="163" hits="2"/>
            <line number="165" hits="2"/>
            <line number="166" hits="2"/>
            <line number="167" hits="2"/>
            <line number="179" hits="2"/>
            <line number="181" hits="2"/>
            <line number="183" hits="2"/>
            <line number="185" hits="2"/>
            <line number="186" hits="2"/>
            <line number="187" hits="2"/>
            <line number="199" hits="1"/>
            <line number="200" hits="1"/>
            <line number="201" hits="1"/>
            <line number="212" hits="1"/>
            <line number="214" hits="1"/>
            <line number="216" hits="1"/>
            <line number="218" hits="1"/>
            <line number="220" hits="1"/>
            <line number="222" hits="1"/>
            <line number="223" hits="1"/>
            <line number="224" hits="1"/>
            <line number="236" hits="2"/>
            <line number="238" hits="2"/>
            <line number="240" hits="2"/>
            <line number="242" hits="2"/>
            <line number="243" hits="2"/>
            <line number="244" hits="2"/>
            <line number="256" hits="1"/>
            <line number="258" hits="1"/>
            <line number="260" hits="1"/>
            <line number="262" hits="1"/>
            <line number="264" hits="1"/>
            <line number="265" hits="1"/>
            <line number="266" hits="1"/>
          </lines>
        </class>
      </classes>
    </package>
    <package name="Http/Controllers/RegionController.php" line-rate="1" branch-rate="0" complexity="15">
      <classes>
        <class name="Playground\Lead\Api\Http\Controllers\RegionController" filename="Http/Controllers/RegionController.php" line-rate="1" branch-rate="0" complexity="15">
          <methods>
            <method name="create" signature="Playground\Lead\Api\Http\Requests\Region\CreateRequest $request" line-rate="1" branch-rate="0" complexity="1">
              <lines>
                <line number="57" hits="1"/>
                <line number="59" hits="1"/>
                <line number="61" hits="1"/>
                <line number="62" hits="1"/>
                <line number="63" hits="1"/>
              </lines>
            </method>
            <method name="edit" signature="Playground\Lead\Models\Region $region, Playground\Lead\Api\Http\Requests\Region\EditRequest $request" line-rate="1" branch-rate="0" complexity="1">
              <lines>
                <line number="75" hits="1"/>
                <line number="76" hits="1"/>
                <line number="77" hits="1"/>
              </lines>
            </method>
            <method name="destroy" signature="Playground\Lead\Models\Region $region, Playground\Lead\Api\Http\Requests\Region\DestroyRequest $request" line-rate="1" branch-rate="0" complexity="2">
              <lines>
                <line number="89" hits="4"/>
                <line number="91" hits="4"/>
                <line number="92" hits="3"/>
                <line number="94" hits="1"/>
                <line number="97" hits="4"/>
              </lines>
            </method>
            <method name="lock" signature="Playground\Lead\Models\Region $region, Playground\Lead\Api\Http\Requests\Region\LockRequest $request" line-rate="1" branch-rate="0" complexity="1">
              <lines>
                <line number="109" hits="2"/>
                <line number="111" hits="2"/>
                <line number="113" hits="2"/>
                <line number="115" hits="2"/>
                <line number="116" hits="2"/>
                <line number="117" hits="2"/>
              </lines>
            </method>
            <method name="index" signature="Playground\Lead\Api\Http\Requests\Region\IndexRequest $request" line-rate="1" branch-rate="0" complexity="5">
              <lines>
                <line number="128" hits="2"/>
                <line number="130" hits="2"/>
                <line number="132" hits="2"/>
                <line number="134" hits="2"/>
                <line number="136" hits="2"/>
                <line number="137" hits="1"/>
                <line number="139" hits="1"/>
                <line number="140" hits="1"/>
                <line number="141" hits="1"/>
                <line number="142" hits="1"/>
                <line number="144" hits="1"/>
                <line number="145" hits="1"/>
                <line number="146" hits="1"/>
                <line number="147" hits="1"/>
                <line number="149" hits="1"/>
                <line number="150" hits="1"/>
                <line number="151" hits="1"/>
                <line number="152" hits="1"/>
                <line number="154" hits="1"/>
                <line number="155" hits="1"/>
                <line number="156" hits="1"/>
                <line number="157" hits="1"/>
                <line number="160" hits="2"/>
                <line number="161" hits="2"/>
                <line number="163" hits="2"/>
                <line number="165" hits="2"/>
                <line number="166" hits="2"/>
                <line number="167" hits="2"/>
              </lines>
            </method>
            <method name="restore" signature="Playground\Lead\Models\Region $region, Playground\Lead\Api\Http\Requests\Region\RestoreRequest $request" line-rate="1" branch-rate="0" complexity="1">
              <lines>
                <line number="179" hits="2"/>
                <line number="181" hits="2"/>
                <line number="183" hits="2"/>
                <line number="185" hits="2"/>
                <line number="186" hits="2"/>
                <line number="187" hits="2"/>
              </lines>
            </method>
            <method name="show" signature="Playground\Lead\Models\Region $region, Playground\Lead\Api\Http\Requests\Region\ShowRequest $request" line-rate="1" branch-rate="0" complexity="1">
              <lines>
                <line number="199" hits="1"/>
                <line number="200" hits="1"/>
                <line number="201" hits="1"/>
              </lines>
            </method>
            <method name="store" signature="Playground\Lead\Api\Http\Requests\Region\StoreRequest $request" line-rate="1" branch-rate="0" complexity="1">
              <lines>
                <line number="212" hits="1"/>
                <line number="214" hits="1"/>
                <line number="216" hits="1"/>
                <line number="218" hits="1"/>
                <line number="220" hits="1"/>
                <line number="222" hits="1"/>
                <line number="223" hits="1"/>
                <line number="224" hits="1"/>
              </lines>
            </method>
            <method name="unlock" signature="Playground\Lead\Models\Region $region, Playground\Lead\Api\Http\Requests\Region\UnlockRequest $request" line-rate="1" branch-rate="0" complexity="1">
              <lines>
                <line number="236" hits="2"/>
                <line number="238" hits="2"/>
                <line number="240" hits="2"/>
                <line number="242" hits="2"/>
                <line number="243" hits="2"/>
                <line number="244" hits="2"/>
              </lines>
            </method>
            <method name="update" signature="Playground\Lead\Models\Region $region, Playground\Lead\Api\Http\Requests\Region\UpdateRequest $request" line-rate="1" branch-rate="0" complexity="1">
              <lines>
                <line number="256" hits="1"/>
                <line number="258" hits="1"/>
                <line number="260" hits="1"/>
                <line number="262" hits="1"/>
                <line number="264" hits="1"/>
                <line number="265" hits="1"/>
                <line number="266" hits="1"/>
              </lines>
            </method>
          </methods>
          <lines>
            <line number="57" hits="1"/>
            <line number="59" hits="1"/>
            <line number="61" hits="1"/>
            <line number="62" hits="1"/>
            <line number="63" hits="1"/>
            <line number="75" hits="1"/>
            <line number="76" hits="1"/>
            <line number="77" hits="1"/>
            <line number="89" hits="4"/>
            <line number="91" hits="4"/>
            <line number="92" hits="3"/>
            <line number="94" hits="1"/>
            <line number="97" hits="4"/>
            <line number="109" hits="2"/>
            <line number="111" hits="2"/>
            <line number="113" hits="2"/>
            <line number="115" hits="2"/>
            <line number="116" hits="2"/>
            <line number="117" hits="2"/>
            <line number="128" hits="2"/>
            <line number="130" hits="2"/>
            <line number="132" hits="2"/>
            <line number="134" hits="2"/>
            <line number="136" hits="2"/>
            <line number="137" hits="1"/>
            <line number="139" hits="1"/>
            <line number="140" hits="1"/>
            <line number="141" hits="1"/>
            <line number="142" hits="1"/>
            <line number="144" hits="1"/>
            <line number="145" hits="1"/>
            <line number="146" hits="1"/>
            <line number="147" hits="1"/>
            <line number="149" hits="1"/>
            <line number="150" hits="1"/>
            <line number="151" hits="1"/>
            <line number="152" hits="1"/>
            <line number="154" hits="1"/>
            <line number="155" hits="1"/>
            <line number="156" hits="1"/>
            <line number="157" hits="1"/>
            <line number="160" hits="2"/>
            <line number="161" hits="2"/>
            <line number="163" hits="2"/>
            <line number="165" hits="2"/>
            <line number="166" hits="2"/>
            <line number="167" hits="2"/>
            <line number="179" hits="2"/>
            <line number="181" hits="2"/>
            <line number="183" hits="2"/>
            <line number="185" hits="2"/>
            <line number="186" hits="2"/>
            <line number="187" hits="2"/>
            <line number="199" hits="1"/>
            <line number="200" hits="1"/>
            <line number="201" hits="1"/>
            <line number="212" hits="1"/>
            <line number="214" hits="1"/>
            <line number="216" hits="1"/>
            <line number="218" hits="1"/>
            <line number="220" hits="1"/>
            <line number="222" hits="1"/>
            <line number="223" hits="1"/>
            <line number="224" hits="1"/>
            <line number="236" hits="2"/>
            <line number="238" hits="2"/>
            <line number="240" hits="2"/>
            <line number="242" hits="2"/>
            <line number="243" hits="2"/>
            <line number="244" hits="2"/>
            <line number="256" hits="1"/>
            <line number="258" hits="1"/>
            <line number="260" hits="1"/>
            <line number="262" hits="1"/>
            <line number="264" hits="1"/>
            <line number="265" hits="1"/>
            <line number="266" hits="1"/>
          </lines>
        </class>
      </classes>
    </package>
    <package name="Http/Controllers/ReportController.php" line-rate="1" branch-rate="0" complexity="15">
      <classes>
        <class name="Playground\Lead\Api\Http\Controllers\ReportController" filename="Http/Controllers/ReportController.php" line-rate="1" branch-rate="0" complexity="15">
          <methods>
            <method name="create" signature="Playground\Lead\Api\Http\Requests\Report\CreateRequest $request" line-rate="1" branch-rate="0" complexity="1">
              <lines>
                <line number="57" hits="1"/>
                <line number="59" hits="1"/>
                <line number="61" hits="1"/>
                <line number="62" hits="1"/>
                <line number="63" hits="1"/>
              </lines>
            </method>
            <method name="edit" signature="Playground\Lead\Models\Report $report, Playground\Lead\Api\Http\Requests\Report\EditRequest $request" line-rate="1" branch-rate="0" complexity="1">
              <lines>
                <line number="75" hits="1"/>
                <line number="76" hits="1"/>
                <line number="77" hits="1"/>
              </lines>
            </method>
            <method name="destroy" signature="Playground\Lead\Models\Report $report, Playground\Lead\Api\Http\Requests\Report\DestroyRequest $request" line-rate="1" branch-rate="0" complexity="2">
              <lines>
                <line number="89" hits="4"/>
                <line number="91" hits="4"/>
                <line number="92" hits="3"/>
                <line number="94" hits="1"/>
                <line number="97" hits="4"/>
              </lines>
            </method>
            <method name="lock" signature="Playground\Lead\Models\Report $report, Playground\Lead\Api\Http\Requests\Report\LockRequest $request" line-rate="1" branch-rate="0" complexity="1">
              <lines>
                <line number="109" hits="2"/>
                <line number="111" hits="2"/>
                <line number="113" hits="2"/>
                <line number="115" hits="2"/>
                <line number="116" hits="2"/>
                <line number="117" hits="2"/>
              </lines>
            </method>
            <method name="index" signature="Playground\Lead\Api\Http\Requests\Report\IndexRequest $request" line-rate="1" branch-rate="0" complexity="5">
              <lines>
                <line number="128" hits="2"/>
                <line number="130" hits="2"/>
                <line number="132" hits="2"/>
                <line number="134" hits="2"/>
                <line number="136" hits="2"/>
                <line number="137" hits="1"/>
                <line number="139" hits="1"/>
                <line number="140" hits="1"/>
                <line number="141" hits="1"/>
                <line number="142" hits="1"/>
                <line number="144" hits="1"/>
                <line number="145" hits="1"/>
                <line number="146" hits="1"/>
                <line number="147" hits="1"/>
                <line number="149" hits="1"/>
                <line number="150" hits="1"/>
                <line number="151" hits="1"/>
                <line number="152" hits="1"/>
                <line number="154" hits="1"/>
                <line number="155" hits="1"/>
                <line number="156" hits="1"/>
                <line number="157" hits="1"/>
                <line number="160" hits="2"/>
                <line number="161" hits="2"/>
                <line number="163" hits="2"/>
                <line number="165" hits="2"/>
                <line number="166" hits="2"/>
                <line number="167" hits="2"/>
              </lines>
            </method>
            <method name="restore" signature="Playground\Lead\Models\Report $report, Playground\Lead\Api\Http\Requests\Report\RestoreRequest $request" line-rate="1" branch-rate="0" complexity="1">
              <lines>
                <line number="179" hits="2"/>
                <line number="181" hits="2"/>
                <line number="183" hits="2"/>
                <line number="185" hits="2"/>
                <line number="186" hits="2"/>
                <line number="187" hits="2"/>
              </lines>
            </method>
            <method name="show" signature="Playground\Lead\Models\Report $report, Playground\Lead\Api\Http\Requests\Report\ShowRequest $request" line-rate="1" branch-rate="0" complexity="1">
              <lines>
                <line number="199" hits="1"/>
                <line number="200" hits="1"/>
                <line number="201" hits="1"/>
              </lines>
            </method>
            <method name="store" signature="Playground\Lead\Api\Http\Requests\Report\StoreRequest $request" line-rate="1" branch-rate="0" complexity="1">
              <lines>
                <line number="212" hits="1"/>
                <line number="214" hits="1"/>
                <line number="216" hits="1"/>
                <line number="218" hits="1"/>
                <line number="220" hits="1"/>
                <line number="222" hits="1"/>
                <line number="223" hits="1"/>
                <line number="224" hits="1"/>
              </lines>
            </method>
            <method name="unlock" signature="Playground\Lead\Models\Report $report, Playground\Lead\Api\Http\Requests\Report\UnlockRequest $request" line-rate="1" branch-rate="0" complexity="1">
              <lines>
                <line number="236" hits="2"/>
                <line number="238" hits="2"/>
                <line number="240" hits="2"/>
                <line number="242" hits="2"/>
                <line number="243" hits="2"/>
                <line number="244" hits="2"/>
              </lines>
            </method>
            <method name="update" signature="Playground\Lead\Models\Report $report, Playground\Lead\Api\Http\Requests\Report\UpdateRequest $request" line-rate="1" branch-rate="0" complexity="1">
              <lines>
                <line number="256" hits="1"/>
                <line number="258" hits="1"/>
                <line number="260" hits="1"/>
                <line number="262" hits="1"/>
                <line number="264" hits="1"/>
                <line number="265" hits="1"/>
                <line number="266" hits="1"/>
              </lines>
            </method>
          </methods>
          <lines>
            <line number="57" hits="1"/>
            <line number="59" hits="1"/>
            <line number="61" hits="1"/>
            <line number="62" hits="1"/>
            <line number="63" hits="1"/>
            <line number="75" hits="1"/>
            <line number="76" hits="1"/>
            <line number="77" hits="1"/>
            <line number="89" hits="4"/>
            <line number="91" hits="4"/>
            <line number="92" hits="3"/>
            <line number="94" hits="1"/>
            <line number="97" hits="4"/>
            <line number="109" hits="2"/>
            <line number="111" hits="2"/>
            <line number="113" hits="2"/>
            <line number="115" hits="2"/>
            <line number="116" hits="2"/>
            <line number="117" hits="2"/>
            <line number="128" hits="2"/>
            <line number="130" hits="2"/>
            <line number="132" hits="2"/>
            <line number="134" hits="2"/>
            <line number="136" hits="2"/>
            <line number="137" hits="1"/>
            <line number="139" hits="1"/>
            <line number="140" hits="1"/>
            <line number="141" hits="1"/>
            <line number="142" hits="1"/>
            <line number="144" hits="1"/>
            <line number="145" hits="1"/>
            <line number="146" hits="1"/>
            <line number="147" hits="1"/>
            <line number="149" hits="1"/>
            <line number="150" hits="1"/>
            <line number="151" hits="1"/>
            <line number="152" hits="1"/>
            <line number="154" hits="1"/>
            <line number="155" hits="1"/>
            <line number="156" hits="1"/>
            <line number="157" hits="1"/>
            <line number="160" hits="2"/>
            <line number="161" hits="2"/>
            <line number="163" hits="2"/>
            <line number="165" hits="2"/>
            <line number="166" hits="2"/>
            <line number="167" hits="2"/>
            <line number="179" hits="2"/>
            <line number="181" hits="2"/>
            <line number="183" hits="2"/>
            <line number="185" hits="2"/>
            <line number="186" hits="2"/>
            <line number="187" hits="2"/>
            <line number="199" hits="1"/>
            <line number="200" hits="1"/>
            <line number="201" hits="1"/>
            <line number="212" hits="1"/>
            <line number="214" hits="1"/>
            <line number="216" hits="1"/>
            <line number="218" hits="1"/>
            <line number="220" hits="1"/>
            <line number="222" hits="1"/>
            <line number="223" hits="1"/>
            <line number="224" hits="1"/>
            <line number="236" hits="2"/>
            <line number="238" hits="2"/>
            <line number="240" hits="2"/>
            <line number="242" hits="2"/>
            <line number="243" hits="2"/>
            <line number="244" hits="2"/>
            <line number="256" hits="1"/>
            <line number="258" hits="1"/>
            <line number="260" hits="1"/>
            <line number="262" hits="1"/>
            <line number="264" hits="1"/>
            <line number="265" hits="1"/>
            <line number="266" hits="1"/>
          </lines>
        </class>
      </classes>
    </package>
    <package name="Http/Controllers/SourceController.php" line-rate="1" branch-rate="0" complexity="15">
      <classes>
        <class name="Playground\Lead\Api\Http\Controllers\SourceController" filename="Http/Controllers/SourceController.php" line-rate="1" branch-rate="0" complexity="15">
          <methods>
            <method name="create" signature="Playground\Lead\Api\Http\Requests\Source\CreateRequest $request" line-rate="1" branch-rate="0" complexity="1">
              <lines>
                <line number="57" hits="1"/>
                <line number="59" hits="1"/>
                <line number="61" hits="1"/>
                <line number="62" hits="1"/>
                <line number="63" hits="1"/>
              </lines>
            </method>
            <method name="edit" signature="Playground\Lead\Models\Source $source, Playground\Lead\Api\Http\Requests\Source\EditRequest $request" line-rate="1" branch-rate="0" complexity="1">
              <lines>
                <line number="75" hits="1"/>
                <line number="76" hits="1"/>
                <line number="77" hits="1"/>
              </lines>
            </method>
            <method name="destroy" signature="Playground\Lead\Models\Source $source, Playground\Lead\Api\Http\Requests\Source\DestroyRequest $request" line-rate="1" branch-rate="0" complexity="2">
              <lines>
                <line number="89" hits="4"/>
                <line number="91" hits="4"/>
                <line number="92" hits="3"/>
                <line number="94" hits="1"/>
                <line number="97" hits="4"/>
              </lines>
            </method>
            <method name="lock" signature="Playground\Lead\Models\Source $source, Playground\Lead\Api\Http\Requests\Source\LockRequest $request" line-rate="1" branch-rate="0" complexity="1">
              <lines>
                <line number="109" hits="2"/>
                <line number="111" hits="2"/>
                <line number="113" hits="2"/>
                <line number="115" hits="2"/>
                <line number="116" hits="2"/>
                <line number="117" hits="2"/>
              </lines>
            </method>
            <method name="index" signature="Playground\Lead\Api\Http\Requests\Source\IndexRequest $request" line-rate="1" branch-rate="0" complexity="5">
              <lines>
                <line number="128" hits="2"/>
                <line number="130" hits="2"/>
                <line number="132" hits="2"/>
                <line number="134" hits="2"/>
                <line number="136" hits="2"/>
                <line number="137" hits="1"/>
                <line number="139" hits="1"/>
                <line number="140" hits="1"/>
                <line number="141" hits="1"/>
                <line number="142" hits="1"/>
                <line number="144" hits="1"/>
                <line number="145" hits="1"/>
                <line number="146" hits="1"/>
                <line number="147" hits="1"/>
                <line number="149" hits="1"/>
                <line number="150" hits="1"/>
                <line number="151" hits="1"/>
                <line number="152" hits="1"/>
                <line number="154" hits="1"/>
                <line number="155" hits="1"/>
                <line number="156" hits="1"/>
                <line number="157" hits="1"/>
                <line number="160" hits="2"/>
                <line number="161" hits="2"/>
                <line number="163" hits="2"/>
                <line number="165" hits="2"/>
                <line number="166" hits="2"/>
                <line number="167" hits="2"/>
              </lines>
            </method>
            <method name="restore" signature="Playground\Lead\Models\Source $source, Playground\Lead\Api\Http\Requests\Source\RestoreRequest $request" line-rate="1" branch-rate="0" complexity="1">
              <lines>
                <line number="179" hits="2"/>
                <line number="181" hits="2"/>
                <line number="183" hits="2"/>
                <line number="185" hits="2"/>
                <line number="186" hits="2"/>
                <line number="187" hits="2"/>
              </lines>
            </method>
            <method name="show" signature="Playground\Lead\Models\Source $source, Playground\Lead\Api\Http\Requests\Source\ShowRequest $request" line-rate="1" branch-rate="0" complexity="1">
              <lines>
                <line number="199" hits="1"/>
                <line number="200" hits="1"/>
                <line number="201" hits="1"/>
              </lines>
            </method>
            <method name="store" signature="Playground\Lead\Api\Http\Requests\Source\StoreRequest $request" line-rate="1" branch-rate="0" complexity="1">
              <lines>
                <line number="212" hits="1"/>
                <line number="214" hits="1"/>
                <line number="216" hits="1"/>
                <line number="218" hits="1"/>
                <line number="220" hits="1"/>
                <line number="222" hits="1"/>
                <line number="223" hits="1"/>
                <line number="224" hits="1"/>
              </lines>
            </method>
            <method name="unlock" signature="Playground\Lead\Models\Source $source, Playground\Lead\Api\Http\Requests\Source\UnlockRequest $request" line-rate="1" branch-rate="0" complexity="1">
              <lines>
                <line number="236" hits="2"/>
                <line number="238" hits="2"/>
                <line number="240" hits="2"/>
                <line number="242" hits="2"/>
                <line number="243" hits="2"/>
                <line number="244" hits="2"/>
              </lines>
            </method>
            <method name="update" signature="Playground\Lead\Models\Source $source, Playground\Lead\Api\Http\Requests\Source\UpdateRequest $request" line-rate="1" branch-rate="0" complexity="1">
              <lines>
                <line number="256" hits="1"/>
                <line number="258" hits="1"/>
                <line number="260" hits="1"/>
                <line number="262" hits="1"/>
                <line number="264" hits="1"/>
                <line number="265" hits="1"/>
                <line number="266" hits="1"/>
              </lines>
            </method>
          </methods>
          <lines>
            <line number="57" hits="1"/>
            <line number="59" hits="1"/>
            <line number="61" hits="1"/>
            <line number="62" hits="1"/>
            <line number="63" hits="1"/>
            <line number="75" hits="1"/>
            <line number="76" hits="1"/>
            <line number="77" hits="1"/>
            <line number="89" hits="4"/>
            <line number="91" hits="4"/>
            <line number="92" hits="3"/>
            <line number="94" hits="1"/>
            <line number="97" hits="4"/>
            <line number="109" hits="2"/>
            <line number="111" hits="2"/>
            <line number="113" hits="2"/>
            <line number="115" hits="2"/>
            <line number="116" hits="2"/>
            <line number="117" hits="2"/>
            <line number="128" hits="2"/>
            <line number="130" hits="2"/>
            <line number="132" hits="2"/>
            <line number="134" hits="2"/>
            <line number="136" hits="2"/>
            <line number="137" hits="1"/>
            <line number="139" hits="1"/>
            <line number="140" hits="1"/>
            <line number="141" hits="1"/>
            <line number="142" hits="1"/>
            <line number="144" hits="1"/>
            <line number="145" hits="1"/>
            <line number="146" hits="1"/>
            <line number="147" hits="1"/>
            <line number="149" hits="1"/>
            <line number="150" hits="1"/>
            <line number="151" hits="1"/>
            <line number="152" hits="1"/>
            <line number="154" hits="1"/>
            <line number="155" hits="1"/>
            <line number="156" hits="1"/>
            <line number="157" hits="1"/>
            <line number="160" hits="2"/>
            <line number="161" hits="2"/>
            <line number="163" hits="2"/>
            <line number="165" hits="2"/>
            <line number="166" hits="2"/>
            <line number="167" hits="2"/>
            <line number="179" hits="2"/>
            <line number="181" hits="2"/>
            <line number="183" hits="2"/>
            <line number="185" hits="2"/>
            <line number="186" hits="2"/>
            <line number="187" hits="2"/>
            <line number="199" hits="1"/>
            <line number="200" hits="1"/>
            <line number="201" hits="1"/>
            <line number="212" hits="1"/>
            <line number="214" hits="1"/>
            <line number="216" hits="1"/>
            <line number="218" hits="1"/>
            <line number="220" hits="1"/>
            <line number="222" hits="1"/>
            <line number="223" hits="1"/>
            <line number="224" hits="1"/>
            <line number="236" hits="2"/>
            <line number="238" hits="2"/>
            <line number="240" hits="2"/>
            <line number="242" hits="2"/>
            <line number="243" hits="2"/>
            <line number="244" hits="2"/>
            <line number="256" hits="1"/>
            <line number="258" hits="1"/>
            <line number="260" hits="1"/>
            <line number="262" hits="1"/>
            <line number="264" hits="1"/>
            <line number="265" hits="1"/>
            <line number="266" hits="1"/>
          </lines>
        </class>
      </classes>
    </package>
    <package name="Http/Controllers/TaskController.php" line-rate="1" branch-rate="0" complexity="15">
      <classes>
        <class name="Playground\Lead\Api\Http\Controllers\TaskController" filename="Http/Controllers/TaskController.php" line-rate="1" branch-rate="0" complexity="15">
          <methods>
            <method name="create" signature="Playground\Lead\Api\Http\Requests\Task\CreateRequest $request" line-rate="1" branch-rate="0" complexity="1">
              <lines>
                <line number="57" hits="1"/>
                <line number="59" hits="1"/>
                <line number="61" hits="1"/>
                <line number="62" hits="1"/>
                <line number="63" hits="1"/>
              </lines>
            </method>
            <method name="edit" signature="Playground\Lead\Models\Task $task, Playground\Lead\Api\Http\Requests\Task\EditRequest $request" line-rate="1" branch-rate="0" complexity="1">
              <lines>
                <line number="75" hits="1"/>
                <line number="76" hits="1"/>
                <line number="77" hits="1"/>
              </lines>
            </method>
            <method name="destroy" signature="Playground\Lead\Models\Task $task, Playground\Lead\Api\Http\Requests\Task\DestroyRequest $request" line-rate="1" branch-rate="0" complexity="2">
              <lines>
                <line number="89" hits="4"/>
                <line number="91" hits="4"/>
                <line number="92" hits="3"/>
                <line number="94" hits="1"/>
                <line number="97" hits="4"/>
              </lines>
            </method>
            <method name="lock" signature="Playground\Lead\Models\Task $task, Playground\Lead\Api\Http\Requests\Task\LockRequest $request" line-rate="1" branch-rate="0" complexity="1">
              <lines>
                <line number="109" hits="2"/>
                <line number="111" hits="2"/>
[...]
                <line number="44" hits="11"/>
                <line number="45" hits="11"/>
              </lines>
            </method>
          </methods>
          <lines>
            <line number="21" hits="13"/>
            <line number="35" hits="11"/>
            <line number="37" hits="11"/>
            <line number="38" hits="11"/>
            <line number="39" hits="11"/>
            <line number="40" hits="11"/>
            <line number="41" hits="11"/>
            <line number="42" hits="11"/>
            <line number="43" hits="11"/>
            <line number="44" hits="11"/>
            <line number="45" hits="11"/>
          </lines>
        </class>
      </classes>
    </package>
    <package name="Http/Resources/TeamCollection.php" line-rate="1" branch-rate="0" complexity="2">
      <classes>
        <class name="Playground\Lead\Api\Http\Resources\TeamCollection" filename="Http/Resources/TeamCollection.php" line-rate="1" branch-rate="0" complexity="2">
          <methods>
            <method name="toArray" signature="Illuminate\Http\Request $request" line-rate="1" branch-rate="0" complexity="1">
              <lines>
                <line number="20" hits="2"/>
              </lines>
            </method>
            <method name="with" signature="Illuminate\Http\Request $request" line-rate="1" branch-rate="0" complexity="1">
              <lines>
                <line number="31" hits="2"/>
                <line number="32" hits="2"/>
                <line number="33" hits="2"/>
                <line number="34" hits="2"/>
                <line number="35" hits="2"/>
                <line number="36" hits="2"/>
                <line number="37" hits="2"/>
                <line number="38" hits="2"/>
                <line number="39" hits="2"/>
                <line number="40" hits="2"/>
                <line number="41" hits="2"/>
                <line number="42" hits="2"/>
                <line number="43" hits="2"/>
              </lines>
            </method>
          </methods>
          <lines>
            <line number="20" hits="2"/>
            <line number="31" hits="2"/>
            <line number="32" hits="2"/>
            <line number="33" hits="2"/>
            <line number="34" hits="2"/>
            <line number="35" hits="2"/>
            <line number="36" hits="2"/>
            <line number="37" hits="2"/>
            <line number="38" hits="2"/>
            <line number="39" hits="2"/>
            <line number="40" hits="2"/>
            <line number="41" hits="2"/>
            <line number="42" hits="2"/>
            <line number="43" hits="2"/>
          </lines>
        </class>
      </classes>
    </package>
    <package name="Http/Resources/Teammate.php" line-rate="1" branch-rate="0" complexity="2">
      <classes>
        <class name="Playground\Lead\Api\Http\Resources\Teammate" filename="Http/Resources/Teammate.php" line-rate="1" branch-rate="0" complexity="2">
          <methods>
            <method name="toArray" signature="Illuminate\Http\Request $request" line-rate="1" branch-rate="0" complexity="1">
              <lines>
                <line number="21" hits="13"/>
              </lines>
            </method>
            <method name="with" signature="Illuminate\Http\Request $request" line-rate="1" branch-rate="0" complexity="1">
              <lines>
                <line number="35" hits="11"/>
                <line number="37" hits="11"/>
                <line number="38" hits="11"/>
                <line number="39" hits="11"/>
                <line number="40" hits="11"/>
                <line number="41" hits="11"/>
                <line number="42" hits="11"/>
                <line number="43" hits="11"/>
                <line number="44" hits="11"/>
                <line number="45" hits="11"/>
              </lines>
            </method>
          </methods>
          <lines>
            <line number="21" hits="13"/>
            <line number="35" hits="11"/>
            <line number="37" hits="11"/>
            <line number="38" hits="11"/>
            <line number="39" hits="11"/>
            <line number="40" hits="11"/>
            <line number="41" hits="11"/>
            <line number="42" hits="11"/>
            <line number="43" hits="11"/>
            <line number="44" hits="11"/>
            <line number="45" hits="11"/>
          </lines>
        </class>
      </classes>
    </package>
    <package name="Http/Resources/TeammateCollection.php" line-rate="1" branch-rate="0" complexity="2">
      <classes>
        <class name="Playground\Lead\Api\Http\Resources\TeammateCollection" filename="Http/Resources/TeammateCollection.php" line-rate="1" branch-rate="0" complexity="2">
          <methods>
            <method name="toArray" signature="Illuminate\Http\Request $request" line-rate="1" branch-rate="0" complexity="1">
              <lines>
                <line number="20" hits="2"/>
              </lines>
            </method>
            <method name="with" signature="Illuminate\Http\Request $request" line-rate="1" branch-rate="0" complexity="1">
              <lines>
                <line number="31" hits="2"/>
                <line number="32" hits="2"/>
                <line number="33" hits="2"/>
                <line number="34" hits="2"/>
                <line number="35" hits="2"/>
                <line number="36" hits="2"/>
                <line number="37" hits="2"/>
                <line number="38" hits="2"/>
                <line number="39" hits="2"/>
                <line number="40" hits="2"/>
                <line number="41" hits="2"/>
                <line number="42" hits="2"/>
                <line number="43" hits="2"/>
              </lines>
            </method>
          </methods>
          <lines>
            <line number="20" hits="2"/>
            <line number="31" hits="2"/>
            <line number="32" hits="2"/>
            <line number="33" hits="2"/>
            <line number="34" hits="2"/>
            <line number="35" hits="2"/>
            <line number="36" hits="2"/>
            <line number="37" hits="2"/>
            <line number="38" hits="2"/>
            <line number="39" hits="2"/>
            <line number="40" hits="2"/>
            <line number="41" hits="2"/>
            <line number="42" hits="2"/>
            <line number="43" hits="2"/>
          </lines>
        </class>
      </classes>
    </package>
    <package name="Policies/CampaignPolicy.php" line-rate="0" branch-rate="0" complexity="0">
      <classes>
        <class name="Playground\Lead\Api\Policies\CampaignPolicy" filename="Policies/CampaignPolicy.php" line-rate="0" branch-rate="0" complexity="0">
          <methods/>
          <lines/>
        </class>
      </classes>
    </package>
    <package name="Policies/GoalPolicy.php" line-rate="0" branch-rate="0" complexity="0">
      <classes>
        <class name="Playground\Lead\Api\Policies\GoalPolicy" filename="Policies/GoalPolicy.php" line-rate="0" branch-rate="0" complexity="0">
          <methods/>
          <lines/>
        </class>
      </classes>
    </package>
    <package name="Policies/LeadPolicy.php" line-rate="0" branch-rate="0" complexity="0">
      <classes>
        <class name="Playground\Lead\Api\Policies\LeadPolicy" filename="Policies/LeadPolicy.php" line-rate="0" branch-rate="0" complexity="0">
          <methods/>
          <lines/>
        </class>
      </classes>
    </package>
    <package name="Policies/OpportunityPolicy.php" line-rate="0" branch-rate="0" complexity="0">
      <classes>
        <class name="Playground\Lead\Api\Policies\OpportunityPolicy" filename="Policies/OpportunityPolicy.php" line-rate="0" branch-rate="0" complexity="0">
          <methods/>
          <lines/>
        </class>
      </classes>
    </package>
    <package name="Policies/PlanPolicy.php" line-rate="0" branch-rate="0" complexity="0">
      <classes>
        <class name="Playground\Lead\Api\Policies\PlanPolicy" filename="Policies/PlanPolicy.php" line-rate="0" branch-rate="0" complexity="0">
          <methods/>
          <lines/>
        </class>
      </classes>
    </package>
    <package name="Policies/RegionPolicy.php" line-rate="0" branch-rate="0" complexity="0">
      <classes>
        <class name="Playground\Lead\Api\Policies\RegionPolicy" filename="Policies/RegionPolicy.php" line-rate="0" branch-rate="0" complexity="0">
          <methods/>
          <lines/>
        </class>
      </classes>
    </package>
    <package name="Policies/ReportPolicy.php" line-rate="0" branch-rate="0" complexity="0">
      <classes>
        <class name="Playground\Lead\Api\Policies\ReportPolicy" filename="Policies/ReportPolicy.php" line-rate="0" branch-rate="0" complexity="0">
          <methods/>
          <lines/>
        </class>
      </classes>
    </package>
    <package name="Policies/SourcePolicy.php" line-rate="0" branch-rate="0" complexity="0">
      <classes>
        <class name="Playground\Lead\Api\Policies\SourcePolicy" filename="Policies/SourcePolicy.php" line-rate="0" branch-rate="0" complexity="0">
          <methods/>
          <lines/>
        </class>
      </classes>
    </package>
    <package name="Policies/TaskPolicy.php" line-rate="0" branch-rate="0" complexity="0">
      <classes>
        <class name="Playground\Lead\Api\Policies\TaskPolicy" filename="Policies/TaskPolicy.php" line-rate="0" branch-rate="0" complexity="0">
          <methods/>
          <lines/>
        </class>
      </classes>
    </package>
    <package name="Policies/TeamPolicy.php" line-rate="0" branch-rate="0" complexity="0">
      <classes>
        <class name="Playground\Lead\Api\Policies\TeamPolicy" filename="Policies/TeamPolicy.php" line-rate="0" branch-rate="0" complexity="0">
          <methods/>
          <lines/>
        </class>
      </classes>
    </package>
    <package name="Policies/TeammatePolicy.php" line-rate="0" branch-rate="0" complexity="0">
      <classes>
        <class name="Playground\Lead\Api\Policies\TeammatePolicy" filename="Policies/TeammatePolicy.php" line-rate="0" branch-rate="0" complexity="0">
          <methods/>
          <lines/>
        </class>
      </classes>
    </package>
    <package name="ServiceProvider.php" line-rate="1" branch-rate="0" complexity="61">
      <classes>
        <class name="Playground\Lead\Api\ServiceProvider" filename="ServiceProvider.php" line-rate="1" branch-rate="0" complexity="61">
          <methods>
            <method name="boot" signature="" line-rate="1" branch-rate="0" complexity="11">
              <lines>
                <line number="31" hits="399"/>
                <line number="33" hits="399"/>
                <line number="40" hits="399"/>
                <line number="41" hits="399"/>
                <line number="42" hits="399"/>
                <line number="44" hits="399"/>
                <line number="45" hits="399"/>
                <line number="48" hits="399"/>
                <line number="49" hits="399"/>
                <line number="50" hits="399"/>
                <line number="52" hits="399"/>
                <line number="55" hits="399"/>
                <line number="57" hits="399"/>
                <line number="58" hits="399"/>
                <line number="59" hits="399"/>
                <line number="62" hits="399"/>
                <line number="63" hits="399"/>
                <line number="64" hits="399"/>
                <line number="68" hits="399"/>
                <line number="69" hits="399"/>
              </lines>
            </method>
            <method name="register" signature="" line-rate="1" branch-rate="0" complexity="1">
              <lines>
                <line number="78" hits="399"/>
                <line number="79" hits="399"/>
                <line number="80" hits="399"/>
                <line number="81" hits="399"/>
              </lines>
            </method>
            <method name="setPolicies" signature="array $policies" line-rate="1" branch-rate="0" complexity="10">
              <lines>
                <line number="91" hits="399"/>
                <line number="92" hits="399"/>
                <line number="93" hits="1"/>
                <line number="94" hits="1"/>
                <line number="95" hits="1"/>
                <line number="96" hits="1"/>
                <line number="97" hits="1"/>
                <line number="98" hits="1"/>
                <line number="100" hits="1"/>
                <line number="102" hits="399"/>
                <line number="103" hits="1"/>
                <line number="104" hits="1"/>
                <line number="105" hits="1"/>
                <line number="106" hits="1"/>
                <line number="107" hits="1"/>
                <line number="108" hits="1"/>
                <line number="110" hits="1"/>
                <line number="112" hits="399"/>
              </lines>
            </method>
            <method name="routes" signature="array $config" line-rate="1" branch-rate="0" complexity="12">
              <lines>
                <line number="121" hits="399"/>
                <line number="122" hits="399"/>
                <line number="124" hits="399"/>
                <line number="125" hits="399"/>
                <line number="127" hits="399"/>
                <line number="128" hits="399"/>
                <line number="130" hits="399"/>
                <line number="131" hits="399"/>
                <line number="133" hits="399"/>
                <line number="134" hits="399"/>
                <line number="136" hits="399"/>
                <line number="137" hits="399"/>
                <line number="139" hits="399"/>
                <line number="140" hits="399"/>
                <line number="142" hits="399"/>
                <line number="143" hits="399"/>
                <line number="145" hits="399"/>
                <line number="146" hits="399"/>
                <line number="148" hits="399"/>
                <line number="149" hits="399"/>
                <line number="151" hits="399"/>
                <line number="152" hits="399"/>
              </lines>
            </method>
            <method name="about" signature="" line-rate="1" branch-rate="0" complexity="26">
              <lines>
                <line number="158" hits="399"/>
                <line number="159" hits="399"/>
                <line number="161" hits="399"/>
                <line number="163" hits="399"/>
                <line number="165" hits="399"/>
                <line number="167" hits="399"/>
                <line number="169" hits="399"/>
                <line number="171" hits="399"/>
                <line number="172" hits="399"/>
                <line number="173" hits="399"/>
                <line number="175" hits="399"/>
                <line number="176" hits="399"/>
                <line number="177" hits="399"/>
                <line number="179" hits="399"/>
                <line number="180" hits="399"/>
                <line number="181" hits="399"/>
                <line number="182" hits="399"/>
                <line number="183" hits="399"/>
                <line number="184" hits="399"/>
                <line number="185" hits="399"/>
                <line number="186" hits="399"/>
                <line number="187" hits="399"/>
                <line number="188" hits="399"/>
                <line number="189" hits="399"/>
                <line number="191" hits="399"/>
                <line number="192" hits="399"/>
                <line number="193" hits="399"/>
              </lines>
            </method>
            <method name="version" signature="" line-rate="1" branch-rate="0" complexity="1">
              <lines>
                <line number="198" hits="399"/>
              </lines>
            </method>
          </methods>
          <lines>
            <line number="31" hits="399"/>
            <line number="33" hits="399"/>
            <line number="40" hits="399"/>
            <line number="41" hits="399"/>
            <line number="42" hits="399"/>
            <line number="44" hits="399"/>
            <line number="45" hits="399"/>
            <line number="48" hits="399"/>
            <line number="49" hits="399"/>
            <line number="50" hits="399"/>
            <line number="52" hits="399"/>
            <line number="55" hits="399"/>
            <line number="57" hits="399"/>
            <line number="58" hits="399"/>
            <line number="59" hits="399"/>
            <line number="62" hits="399"/>
            <line number="63" hits="399"/>
            <line number="64" hits="399"/>
            <line number="68" hits="399"/>
            <line number="69" hits="399"/>
            <line number="78" hits="399"/>
            <line number="79" hits="399"/>
            <line number="80" hits="399"/>
            <line number="81" hits="399"/>
            <line number="91" hits="399"/>
            <line number="92" hits="399"/>
            <line number="93" hits="1"/>
            <line number="94" hits="1"/>
            <line number="95" hits="1"/>
            <line number="96" hits="1"/>
            <line number="97" hits="1"/>
            <line number="98" hits="1"/>
            <line number="100" hits="1"/>
            <line number="102" hits="399"/>
            <line number="103" hits="1"/>
            <line number="104" hits="1"/>
            <line number="105" hits="1"/>
            <line number="106" hits="1"/>
            <line number="107" hits="1"/>
            <line number="108" hits="1"/>
            <line number="110" hits="1"/>
            <line number="112" hits="399"/>
            <line number="121" hits="399"/>
            <line number="122" hits="399"/>
            <line number="124" hits="399"/>
            <line number="125" hits="399"/>
            <line number="127" hits="399"/>
            <line number="128" hits="399"/>
            <line number="130" hits="399"/>
            <line number="131" hits="399"/>
            <line number="133" hits="399"/>
            <line number="134" hits="399"/>
            <line number="136" hits="399"/>
            <line number="137" hits="399"/>
            <line number="139" hits="399"/>
            <line number="140" hits="399"/>
            <line number="142" hits="399"/>
            <line number="143" hits="399"/>
            <line number="145" hits="399"/>
            <line number="146" hits="399"/>
            <line number="148" hits="399"/>
            <line number="149" hits="399"/>
            <line number="151" hits="399"/>
            <line number="152" hits="399"/>
            <line number="158" hits="399"/>
            <line number="159" hits="399"/>
            <line number="161" hits="399"/>
            <line number="163" hits="399"/>
            <line number="165" hits="399"/>
            <line number="167" hits="399"/>
            <line number="169" hits="399"/>
            <line number="171" hits="399"/>
            <line number="172" hits="399"/>
            <line number="173" hits="399"/>
            <line number="175" hits="399"/>
            <line number="176" hits="399"/>
            <line number="177" hits="399"/>
            <line number="179" hits="399"/>
            <line number="180" hits="399"/>
            <line number="181" hits="399"/>
            <line number="182" hits="399"/>
            <line number="183" hits="399"/>
            <line number="184" hits="399"/>
            <line number="185" hits="399"/>
            <line number="186" hits="399"/>
            <line number="187" hits="399"/>
            <line number="188" hits="399"/>
            <line number="189" hits="399"/>
            <line number="191" hits="399"/>
            <line number="192" hits="399"/>
            <line number="193" hits="399"/>
            <line number="198" hits="399"/>
          </lines>
        </class>
      </classes>
    </package>
  </packages>
</coverage>
