<?xml version="1.0" encoding="UTF-8"?>
<testsuites>
  <testsuite name="/app/phpunit-ci.xml" tests="517" assertions="13393" errors="0" failures="0" skipped="0" time="166.084466">
    <testsuite name="Unit" tests="130" assertions="135" errors="0" failures="0" skipped="0" time="5.744451">
      <testsuite name="Tests\Unit\Playground\Lead\Api\Http\Requests\Campaign\CreateRequestTest" file="/app/tests/Unit/Http/Requests/Campaign/CreateRequestTest.php" tests="1" assertions="1" errors="0" failures="0" skipped="0" time="0.218857">
        <testcase name="test_request_instance" file="/app/vendor/gammamatrix/playground-test/src/Unit/Http/Requests/RequestCase.php" line="42" class="Tests\Unit\Playground\Lead\Api\Http\Requests\Campaign\CreateRequestTest" classname="Tests.Unit.Playground.Lead.Api.Http.Requests.Campaign.CreateRequestTest" assertions="1" time="0.218857"/>
      </testsuite>
      <testsuite name="Tests\Unit\Playground\Lead\Api\Http\Requests\Campaign\DestroyRequestTest" file="/app/tests/Unit/Http/Requests/Campaign/DestroyRequestTest.php" tests="1" assertions="1" errors="0" failures="0" skipped="0" time="0.044139">
        <testcase name="test_request_instance" file="/app/vendor/gammamatrix/playground-test/src/Unit/Http/Requests/RequestCase.php" line="42" class="Tests\Unit\Playground\Lead\Api\Http\Requests\Campaign\DestroyRequestTest" classname="Tests.Unit.Playground.Lead.Api.Http.Requests.Campaign.DestroyRequestTest" assertions="1" time="0.044139"/>
      </testsuite>
      <testsuite name="Tests\Unit\Playground\Lead\Api\Http\Requests\Campaign\EditRequestTest" file="/app/tests/Unit/Http/Requests/Campaign/EditRequestTest.php" tests="1" assertions="1" errors="0" failures="0" skipped="0" time="0.043482">
        <testcase name="test_request_instance" file="/app/vendor/gammamatrix/playground-test/src/Unit/Http/Requests/RequestCase.php" line="42" class="Tests\Unit\Playground\Lead\Api\Http\Requests\Campaign\EditRequestTest" classname="Tests.Unit.Playground.Lead.Api.Http.Requests.Campaign.EditRequestTest" assertions="1" time="0.043482"/>
      </testsuite>
      <testsuite name="Tests\Unit\Playground\Lead\Api\Http\Requests\Campaign\IndexRequestTest" file="/app/tests/Unit/Http/Requests/Campaign/IndexRequestTest.php" tests="1" assertions="1" errors="0" failures="0" skipped="0" time="0.046535">
        <testcase name="test_request_instance" file="/app/vendor/gammamatrix/playground-test/src/Unit/Http/Requests/RequestCase.php" line="42" class="Tests\Unit\Playground\Lead\Api\Http\Requests\Campaign\IndexRequestTest" classname="Tests.Unit.Playground.Lead.Api.Http.Requests.Campaign.IndexRequestTest" assertions="1" time="0.046535"/>
      </testsuite>
      <testsuite name="Tests\Unit\Playground\Lead\Api\Http\Requests\Campaign\LockRequestTest" file="/app/tests/Unit/Http/Requests/Campaign/LockRequestTest.php" tests="1" assertions="1" errors="0" failures="0" skipped="0" time="0.044506">
        <testcase name="test_request_instance" file="/app/vendor/gammamatrix/playground-test/src/Unit/Http/Requests/RequestCase.php" line="42" class="Tests\Unit\Playground\Lead\Api\Http\Requests\Campaign\LockRequestTest" classname="Tests.Unit.Playground.Lead.Api.Http.Requests.Campaign.LockRequestTest" assertions="1" time="0.044506"/>
      </testsuite>
      <testsuite name="Tests\Unit\Playground\Lead\Api\Http\Requests\Campaign\RestoreRequestTest" file="/app/tests/Unit/Http/Requests/Campaign/RestoreRequestTest.php" tests="1" assertions="1" errors="0" failures="0" skipped="0" time="0.045184">
        <testcase name="test_request_instance" file="/app/vendor/gammamatrix/playground-test/src/Unit/Http/Requests/RequestCase.php" line="42" class="Tests\Unit\Playground\Lead\Api\Http\Requests\Campaign\RestoreRequestTest" classname="Tests.Unit.Playground.Lead.Api.Http.Requests.Campaign.RestoreRequestTest" assertions="1" time="0.045184"/>
      </testsuite>
      <testsuite name="Tests\Unit\Playground\Lead\Api\Http\Requests\Campaign\ShowRequestTest" file="/app/tests/Unit/Http/Requests/Campaign/ShowRequestTest.php" tests="1" assertions="1" errors="0" failures="0" skipped="0" time="0.043812">
        <testcase name="test_request_instance" file="/app/vendor/gammamatrix/playground-test/src/Unit/Http/Requests/RequestCase.php" line="42" class="Tests\Unit\Playground\Lead\Api\Http\Requests\Campaign\ShowRequestTest" classname="Tests.Unit.Playground.Lead.Api.Http.Requests.Campaign.ShowRequestTest" assertions="1" time="0.043812"/>
      </testsuite>
      <testsuite name="Tests\Unit\Playground\Lead\Api\Http\Requests\Campaign\StoreRequestTest" file="/app/tests/Unit/Http/Requests/Campaign/StoreRequestTest.php" tests="1" assertions="1" errors="0" failures="0" skipped="0" time="0.045528">
        <testcase name="test_request_instance" file="/app/vendor/gammamatrix/playground-test/src/Unit/Http/Requests/RequestCase.php" line="42" class="Tests\Unit\Playground\Lead\Api\Http\Requests\Campaign\StoreRequestTest" classname="Tests.Unit.Playground.Lead.Api.Http.Requests.Campaign.StoreRequestTest" assertions="1" time="0.045528"/>
      </testsuite>
      <testsuite name="Tests\Unit\Playground\Lead\Api\Http\Requests\Campaign\UnlockRequestTest" file="/app/tests/Unit/Http/Requests/Campaign/UnlockRequestTest.php" tests="1" assertions="1" errors="0" failures="0" skipped="0" time="0.043471">
        <testcase name="test_request_instance" file="/app/vendor/gammamatrix/playground-test/src/Unit/Http/Requests/RequestCase.php" line="42" class="Tests\Unit\Playground\Lead\Api\Http\Requests\Campaign\UnlockRequestTest" classname="Tests.Unit.Playground.Lead.Api.Http.Requests.Campaign.UnlockRequestTest" assertions="1" time="0.043471"/>
      </testsuite>
      <testsuite name="Tests\Unit\Playground\Lead\Api\Http\Requests\Campaign\UpdateRequestTest" file="/app/tests/Unit/Http/Requests/Campaign/UpdateRequestTest.php" tests="1" assertions="1" errors="0" failures="0" skipped="0" time="0.044052">
        <testcase name="test_request_instance" file="/app/vendor/gammamatrix/playground-test/src/Unit/Http/Requests/RequestCase.php" line="42" class="Tests\Unit\Playground\Lead\Api\Http\Requests\Campaign\UpdateRequestTest" classname="Tests.Unit.Playground.Lead.Api.Http.Requests.Campaign.UpdateRequestTest" assertions="1" time="0.044052"/>
      </testsuite>
      <testsuite name="Tests\Unit\Playground\Lead\Api\Http\Requests\FormRequest\InstanceTest" file="/app/tests/Unit/Http/Requests/FormRequest/InstanceTest.php" tests="5" assertions="6" errors="0" failures="0" skipped="0" time="0.246565">
        <testcase name="test_form_request_authorize_without_user" file="/app/tests/Unit/Http/Requests/FormRequest/InstanceTest.php" line="23" class="Tests\Unit\Playground\Lead\Api\Http\Requests\FormRequest\InstanceTest" classname="Tests.Unit.Playground.Lead.Api.Http.Requests.FormRequest.InstanceTest" assertions="1" time="0.044105"/>
        <testcase name="test_rules_is_empty_by_default" file="/app/tests/Unit/Http/Requests/FormRequest/InstanceTest.php" line="30" class="Tests\Unit\Playground\Lead\Api\Http\Requests\FormRequest\InstanceTest" classname="Tests.Unit.Playground.Lead.Api.Http.Requests.FormRequest.InstanceTest" assertions="2" time="0.044450"/>
        <testcase name="test_user_has_admin_privileges_without_user" file="/app/tests/Unit/Http/Requests/FormRequest/InstanceTest.php" line="38" class="Tests\Unit\Playground\Lead\Api\Http\Requests\FormRequest\InstanceTest" classname="Tests.Unit.Playground.Lead.Api.Http.Requests.FormRequest.InstanceTest" assertions="1" time="0.042783"/>
        <testcase name="test_user_has_admin_privileges_with_admin" file="/app/tests/Unit/Http/Requests/FormRequest/InstanceTest.php" line="45" class="Tests\Unit\Playground\Lead\Api\Http\Requests\FormRequest\InstanceTest" classname="Tests.Unit.Playground.Lead.Api.Http.Requests.FormRequest.InstanceTest" assertions="1" time="0.066319"/>
        <testcase name="test_user_has_admin_privileges_with_default_laravel_user" file="/app/tests/Unit/Http/Requests/FormRequest/InstanceTest.php" line="57" class="Tests\Unit\Playground\Lead\Api\Http\Requests\FormRequest\InstanceTest" classname="Tests.Unit.Playground.Lead.Api.Http.Requests.FormRequest.InstanceTest" assertions="1" time="0.048909"/>
      </testsuite>
      <testsuite name="Tests\Unit\Playground\Lead\Api\Http\Requests\Goal\CreateRequestTest" file="/app/tests/Unit/Http/Requests/Goal/CreateRequestTest.php" tests="1" assertions="1" errors="0" failures="0" skipped="0" time="0.042929">
        <testcase name="test_request_instance" file="/app/vendor/gammamatrix/playground-test/src/Unit/Http/Requests/RequestCase.php" line="42" class="Tests\Unit\Playground\Lead\Api\Http\Requests\Goal\CreateRequestTest" classname="Tests.Unit.Playground.Lead.Api.Http.Requests.Goal.CreateRequestTest" assertions="1" time="0.042929"/>
      </testsuite>
      <testsuite name="Tests\Unit\Playground\Lead\Api\Http\Requests\Goal\DestroyRequestTest" file="/app/tests/Unit/Http/Requests/Goal/DestroyRequestTest.php" tests="1" assertions="1" errors="0" failures="0" skipped="0" time="0.042315">
        <testcase name="test_request_instance" file="/app/vendor/gammamatrix/playground-test/src/Unit/Http/Requests/RequestCase.php" line="42" class="Tests\Unit\Playground\Lead\Api\Http\Requests\Goal\DestroyRequestTest" classname="Tests.Unit.Playground.Lead.Api.Http.Requests.Goal.DestroyRequestTest" assertions="1" time="0.042315"/>
      </testsuite>
      <testsuite name="Tests\Unit\Playground\Lead\Api\Http\Requests\Goal\EditRequestTest" file="/app/tests/Unit/Http/Requests/Goal/EditRequestTest.php" tests="1" assertions="1" errors="0" failures="0" skipped="0" time="0.042583">
        <testcase name="test_request_instance" file="/app/vendor/gammamatrix/playground-test/src/Unit/Http/Requests/RequestCase.php" line="42" class="Tests\Unit\Playground\Lead\Api\Http\Requests\Goal\EditRequestTest" classname="Tests.Unit.Playground.Lead.Api.Http.Requests.Goal.EditRequestTest" assertions="1" time="0.042583"/>
      </testsuite>
      <testsuite name="Tests\Unit\Playground\Lead\Api\Http\Requests\Goal\IndexRequestTest" file="/app/tests/Unit/Http/Requests/Goal/IndexRequestTest.php" tests="1" assertions="1" errors="0" failures="0" skipped="0" time="0.042786">
        <testcase name="test_request_instance" file="/app/vendor/gammamatrix/playground-test/src/Unit/Http/Requests/RequestCase.php" line="42" class="Tests\Unit\Playground\Lead\Api\Http\Requests\Goal\IndexRequestTest" classname="Tests.Unit.Playground.Lead.Api.Http.Requests.Goal.IndexRequestTest" assertions="1" time="0.042786"/>
      </testsuite>
      <testsuite name="Tests\Unit\Playground\Lead\Api\Http\Requests\Goal\LockRequestTest" file="/app/tests/Unit/Http/Requests/Goal/LockRequestTest.php" tests="1" assertions="1" errors="0" failures="0" skipped="0" time="0.042339">
        <testcase name="test_request_instance" file="/app/vendor/gammamatrix/playground-test/src/Unit/Http/Requests/RequestCase.php" line="42" class="Tests\Unit\Playground\Lead\Api\Http\Requests\Goal\LockRequestTest" classname="Tests.Unit.Playground.Lead.Api.Http.Requests.Goal.LockRequestTest" assertions="1" time="0.042339"/>
      </testsuite>
      <testsuite name="Tests\Unit\Playground\Lead\Api\Http\Requests\Goal\RestoreRequestTest" file="/app/tests/Unit/Http/Requests/Goal/RestoreRequestTest.php" tests="1" assertions="1" errors="0" failures="0" skipped="0" time="0.041322">
        <testcase name="test_request_instance" file="/app/vendor/gammamatrix/playground-test/src/Unit/Http/Requests/RequestCase.php" line="42" class="Tests\Unit\Playground\Lead\Api\Http\Requests\Goal\RestoreRequestTest" classname="Tests.Unit.Playground.Lead.Api.Http.Requests.Goal.RestoreRequestTest" assertions="1" time="0.041322"/>
      </testsuite>
      <testsuite name="Tests\Unit\Playground\Lead\Api\Http\Requests\Goal\ShowRequestTest" file="/app/tests/Unit/Http/Requests/Goal/ShowRequestTest.php" tests="1" assertions="1" errors="0" failures="0" skipped="0" time="0.041937">
        <testcase name="test_request_instance" file="/app/vendor/gammamatrix/playground-test/src/Unit/Http/Requests/RequestCase.php" line="42" class="Tests\Unit\Playground\Lead\Api\Http\Requests\Goal\ShowRequestTest" classname="Tests.Unit.Playground.Lead.Api.Http.Requests.Goal.ShowRequestTest" assertions="1" time="0.041937"/>
      </testsuite>
      <testsuite name="Tests\Unit\Playground\Lead\Api\Http\Requests\Goal\StoreRequestTest" file="/app/tests/Unit/Http/Requests/Goal/StoreRequestTest.php" tests="1" assertions="1" errors="0" failures="0" skipped="0" time="0.043348">
        <testcase name="test_request_instance" file="/app/vendor/gammamatrix/playground-test/src/Unit/Http/Requests/RequestCase.php" line="42" class="Tests\Unit\Playground\Lead\Api\Http\Requests\Goal\StoreRequestTest" classname="Tests.Unit.Playground.Lead.Api.Http.Requests.Goal.StoreRequestTest" assertions="1" time="0.043348"/>
      </testsuite>
      <testsuite name="Tests\Unit\Playground\Lead\Api\Http\Requests\Goal\UnlockRequestTest" file="/app/tests/Unit/Http/Requests/Goal/UnlockRequestTest.php" tests="1" assertions="1" errors="0" failures="0" skipped="0" time="0.042389">
        <testcase name="test_request_instance" file="/app/vendor/gammamatrix/playground-test/src/Unit/Http/Requests/RequestCase.php" line="42" class="Tests\Unit\Playground\Lead\Api\Http\Requests\Goal\UnlockRequestTest" classname="Tests.Unit.Playground.Lead.Api.Http.Requests.Goal.UnlockRequestTest" assertions="1" time="0.042389"/>
      </testsuite>
      <testsuite name="Tests\Unit\Playground\Lead\Api\Http\Requests\Goal\UpdateRequestTest" file="/app/tests/Unit/Http/Requests/Goal/UpdateRequestTest.php" tests="1" assertions="1" errors="0" failures="0" skipped="0" time="0.043227">
        <testcase name="test_request_instance" file="/app/vendor/gammamatrix/playground-test/src/Unit/Http/Requests/RequestCase.php" line="42" class="Tests\Unit\Playground\Lead\Api\Http\Requests\Goal\UpdateRequestTest" classname="Tests.Unit.Playground.Lead.Api.Http.Requests.Goal.UpdateRequestTest" assertions="1" time="0.043227"/>
      </testsuite>
      <testsuite name="Tests\Unit\Playground\Lead\Api\Http\Requests\Lead\CreateRequestTest" file="/app/tests/Unit/Http/Requests/Lead/CreateRequestTest.php" tests="1" assertions="1" errors="0" failures="0" skipped="0" time="0.041742">
        <testcase name="test_request_instance" file="/app/vendor/gammamatrix/playground-test/src/Unit/Http/Requests/RequestCase.php" line="42" class="Tests\Unit\Playground\Lead\Api\Http\Requests\Lead\CreateRequestTest" classname="Tests.Unit.Playground.Lead.Api.Http.Requests.Lead.CreateRequestTest" assertions="1" time="0.041742"/>
      </testsuite>
      <testsuite name="Tests\Unit\Playground\Lead\Api\Http\Requests\Lead\DestroyRequestTest" file="/app/tests/Unit/Http/Requests/Lead/DestroyRequestTest.php" tests="1" assertions="1" errors="0" failures="0" skipped="0" time="0.041299">
        <testcase name="test_request_instance" file="/app/vendor/gammamatrix/playground-test/src/Unit/Http/Requests/RequestCase.php" line="42" class="Tests\Unit\Playground\Lead\Api\Http\Requests\Lead\DestroyRequestTest" classname="Tests.Unit.Playground.Lead.Api.Http.Requests.Lead.DestroyRequestTest" assertions="1" time="0.041299"/>
      </testsuite>
      <testsuite name="Tests\Unit\Playground\Lead\Api\Http\Requests\Lead\EditRequestTest" file="/app/tests/Unit/Http/Requests/Lead/EditRequestTest.php" tests="1" assertions="1" errors="0" failures="0" skipped="0" time="0.041420">
        <testcase name="test_request_instance" file="/app/vendor/gammamatrix/playground-test/src/Unit/Http/Requests/RequestCase.php" line="42" class="Tests\Unit\Playground\Lead\Api\Http\Requests\Lead\EditRequestTest" classname="Tests.Unit.Playground.Lead.Api.Http.Requests.Lead.EditRequestTest" assertions="1" time="0.041420"/>
      </testsuite>
      <testsuite name="Tests\Unit\Playground\Lead\Api\Http\Requests\Lead\IndexRequestTest" file="/app/tests/Unit/Http/Requests/Lead/IndexRequestTest.php" tests="1" assertions="1" errors="0" failures="0" skipped="0" time="0.041567">
        <testcase name="test_request_instance" file="/app/vendor/gammamatrix/playground-test/src/Unit/Http/Requests/RequestCase.php" line="42" class="Tests\Unit\Playground\Lead\Api\Http\Requests\Lead\IndexRequestTest" classname="Tests.Unit.Playground.Lead.Api.Http.Requests.Lead.IndexRequestTest" assertions="1" time="0.041567"/>
      </testsuite>
      <testsuite name="Tests\Unit\Playground\Lead\Api\Http\Requests\Lead\LockRequestTest" file="/app/tests/Unit/Http/Requests/Lead/LockRequestTest.php" tests="1" assertions="1" errors="0" failures="0" skipped="0" time="0.041362">
        <testcase name="test_request_instance" file="/app/vendor/gammamatrix/playground-test/src/Unit/Http/Requests/RequestCase.php" line="42" class="Tests\Unit\Playground\Lead\Api\Http\Requests\Lead\LockRequestTest" classname="Tests.Unit.Playground.Lead.Api.Http.Requests.Lead.LockRequestTest" assertions="1" time="0.041362"/>
      </testsuite>
      <testsuite name="Tests\Unit\Playground\Lead\Api\Http\Requests\Lead\RestoreRequestTest" file="/app/tests/Unit/Http/Requests/Lead/RestoreRequestTest.php" tests="1" assertions="1" errors="0" failures="0" skipped="0" time="0.042299">
        <testcase name="test_request_instance" file="/app/vendor/gammamatrix/playground-test/src/Unit/Http/Requests/RequestCase.php" line="42" class="Tests\Unit\Playground\Lead\Api\Http\Requests\Lead\RestoreRequestTest" classname="Tests.Unit.Playground.Lead.Api.Http.Requests.Lead.RestoreRequestTest" assertions="1" time="0.042299"/>
      </testsuite>
      <testsuite name="Tests\Unit\Playground\Lead\Api\Http\Requests\Lead\ShowRequestTest" file="/app/tests/Unit/Http/Requests/Lead/ShowRequestTest.php" tests="1" assertions="1" errors="0" failures="0" skipped="0" time="0.041571">
        <testcase name="test_request_instance" file="/app/vendor/gammamatrix/playground-test/src/Unit/Http/Requests/RequestCase.php" line="42" class="Tests\Unit\Playground\Lead\Api\Http\Requests\Lead\ShowRequestTest" classname="Tests.Unit.Playground.Lead.Api.Http.Requests.Lead.ShowRequestTest" assertions="1" time="0.041571"/>
      </testsuite>
      <testsuite name="Tests\Unit\Playground\Lead\Api\Http\Requests\Lead\StoreRequestTest" file="/app/tests/Unit/Http/Requests/Lead/StoreRequestTest.php" tests="1" assertions="1" errors="0" failures="0" skipped="0" time="0.042042">
        <testcase name="test_request_instance" file="/app/vendor/gammamatrix/playground-test/src/Unit/Http/Requests/RequestCase.php" line="42" class="Tests\Unit\Playground\Lead\Api\Http\Requests\Lead\StoreRequestTest" classname="Tests.Unit.Playground.Lead.Api.Http.Requests.Lead.StoreRequestTest" assertions="1" time="0.042042"/>
      </testsuite>
      <testsuite name="Tests\Unit\Playground\Lead\Api\Http\Requests\Lead\UnlockRequestTest" file="/app/tests/Unit/Http/Requests/Lead/UnlockRequestTest.php" tests="1" assertions="1" errors="0" failures="0" skipped="0" time="0.041899">
        <testcase name="test_request_instance" file="/app/vendor/gammamatrix/playground-test/src/Unit/Http/Requests/RequestCase.php" line="42" class="Tests\Unit\Playground\Lead\Api\Http\Requests\Lead\UnlockRequestTest" classname="Tests.Unit.Playground.Lead.Api.Http.Requests.Lead.UnlockRequestTest" assertions="1" time="0.041899"/>
      </testsuite>
      <testsuite name="Tests\Unit\Playground\Lead\Api\Http\Requests\Lead\UpdateRequestTest" file="/app/tests/Unit/Http/Requests/Lead/UpdateRequestTest.php" tests="1" assertions="1" errors="0" failures="0" skipped="0" time="0.041242">
        <testcase name="test_request_instance" file="/app/vendor/gammamatrix/playground-test/src/Unit/Http/Requests/RequestCase.php" line="42" class="Tests\Unit\Playground\Lead\Api\Http\Requests\Lead\UpdateRequestTest" classname="Tests.Unit.Playground.Lead.Api.Http.Requests.Lead.UpdateRequestTest" assertions="1" time="0.041242"/>
      </testsuite>
      <testsuite name="Tests\Unit\Playground\Lead\Api\Http\Requests\Opportunity\CreateRequestTest" file="/app/tests/Unit/Http/Requests/Opportunity/CreateRequestTest.php" tests="1" assertions="1" errors="0" failures="0" skipped="0" time="0.042374">
        <testcase name="test_request_instance" file="/app/vendor/gammamatrix/playground-test/src/Unit/Http/Requests/RequestCase.php" line="42" class="Tests\Unit\Playground\Lead\Api\Http\Requests\Opportunity\CreateRequestTest" classname="Tests.Unit.Playground.Lead.Api.Http.Requests.Opportunity.CreateRequestTest" assertions="1" time="0.042374"/>
      </testsuite>
      <testsuite name="Tests\Unit\Playground\Lead\Api\Http\Requests\Opportunity\DestroyRequestTest" file="/app/tests/Unit/Http/Requests/Opportunity/DestroyRequestTest.php" tests="1" assertions="1" errors="0" failures="0" skipped="0" time="0.041570">
        <testcase name="test_request_instance" file="/app/vendor/gammamatrix/playground-test/src/Unit/Http/Requests/RequestCase.php" line="42" class="Tests\Unit\Playground\Lead\Api\Http\Requests\Opportunity\DestroyRequestTest" classname="Tests.Unit.Playground.Lead.Api.Http.Requests.Opportunity.DestroyRequestTest" assertions="1" time="0.041570"/>
      </testsuite>
      <testsuite name="Tests\Unit\Playground\Lead\Api\Http\Requests\Opportunity\EditRequestTest" file="/app/tests/Unit/Http/Requests/Opportunity/EditRequestTest.php" tests="1" assertions="1" errors="0" failures="0" skipped="0" time="0.041325">
        <testcase name="test_request_instance" file="/app/vendor/gammamatrix/playground-test/src/Unit/Http/Requests/RequestCase.php" line="42" class="Tests\Unit\Playground\Lead\Api\Http\Requests\Opportunity\EditRequestTest" classname="Tests.Unit.Playground.Lead.Api.Http.Requests.Opportunity.EditRequestTest" assertions="1" time="0.041325"/>
      </testsuite>
      <testsuite name="Tests\Unit\Playground\Lead\Api\Http\Requests\Opportunity\IndexRequestTest" file="/app/tests/Unit/Http/Requests/Opportunity/IndexRequestTest.php" tests="1" assertions="1" errors="0" failures="0" skipped="0" time="0.045946">
        <testcase name="test_request_instance" file="/app/vendor/gammamatrix/playground-test/src/Unit/Http/Requests/RequestCase.php" line="42" class="Tests\Unit\Playground\Lead\Api\Http\Requests\Opportunity\IndexRequestTest" classname="Tests.Unit.Playground.Lead.Api.Http.Requests.Opportunity.IndexRequestTest" assertions="1" time="0.045946"/>
      </testsuite>
      <testsuite name="Tests\Unit\Playground\Lead\Api\Http\Requests\Opportunity\LockRequestTest" file="/app/tests/Unit/Http/Requests/Opportunity/LockRequestTest.php" tests="1" assertions="1" errors="0" failures="0" skipped="0" time="0.041506">
        <testcase name="test_request_instance" file="/app/vendor/gammamatrix/playground-test/src/Unit/Http/Requests/RequestCase.php" line="42" class="Tests\Unit\Playground\Lead\Api\Http\Requests\Opportunity\LockRequestTest" classname="Tests.Unit.Playground.Lead.Api.Http.Requests.Opportunity.LockRequestTest" assertions="1" time="0.041506"/>
      </testsuite>
      <testsuite name="Tests\Unit\Playground\Lead\Api\Http\Requests\Opportunity\RestoreRequestTest" file="/app/tests/Unit/Http/Requests/Opportunity/RestoreRequestTest.php" tests="1" assertions="1" errors="0" failures="0" skipped="0" time="0.041373">
        <testcase name="test_request_instance" file="/app/vendor/gammamatrix/playground-test/src/Unit/Http/Requests/RequestCase.php" line="42" class="Tests\Unit\Playground\Lead\Api\Http\Requests\Opportunity\RestoreRequestTest" classname="Tests.Unit.Playground.Lead.Api.Http.Requests.Opportunity.RestoreRequestTest" assertions="1" time="0.041373"/>
      </testsuite>
      <testsuite name="Tests\Unit\Playground\Lead\Api\Http\Requests\Opportunity\ShowRequestTest" file="/app/tests/Unit/Http/Requests/Opportunity/ShowRequestTest.php" tests="1" assertions="1" errors="0" failures="0" skipped="0" time="0.041178">
        <testcase name="test_request_instance" file="/app/vendor/gammamatrix/playground-test/src/Unit/Http/Requests/RequestCase.php" line="42" class="Tests\Unit\Playground\Lead\Api\Http\Requests\Opportunity\ShowRequestTest" classname="Tests.Unit.Playground.Lead.Api.Http.Requests.Opportunity.ShowRequestTest" assertions="1" time="0.041178"/>
      </testsuite>
      <testsuite name="Tests\Unit\Playground\Lead\Api\Http\Requests\Opportunity\StoreRequestTest" file="/app/tests/Unit/Http/Requests/Opportunity/StoreRequestTest.php" tests="1" assertions="1" errors="0" failures="0" skipped="0" time="0.041385">
        <testcase name="test_request_instance" file="/app/vendor/gammamatrix/playground-test/src/Unit/Http/Requests/RequestCase.php" line="42" class="Tests\Unit\Playground\Lead\Api\Http\Requests\Opportunity\StoreRequestTest" classname="Tests.Unit.Playground.Lead.Api.Http.Requests.Opportunity.StoreRequestTest" assertions="1" time="0.041385"/>
      </testsuite>
      <testsuite name="Tests\Unit\Playground\Lead\Api\Http\Requests\Opportunity\UnlockRequestTest" file="/app/tests/Unit/Http/Requests/Opportunity/UnlockRequestTest.php" tests="1" assertions="1" errors="0" failures="0" skipped="0" time="0.041383">
        <testcase name="test_request_instance" file="/app/vendor/gammamatrix/playground-test/src/Unit/Http/Requests/RequestCase.php" line="42" class="Tests\Unit\Playground\Lead\Api\Http\Requests\Opportunity\UnlockRequestTest" classname="Tests.Unit.Playground.Lead.Api.Http.Requests.Opportunity.UnlockRequestTest" assertions="1" time="0.041383"/>
      </testsuite>
      <testsuite name="Tests\Unit\Playground\Lead\Api\Http\Requests\Opportunity\UpdateRequestTest" file="/app/tests/Unit/Http/Requests/Opportunity/UpdateRequestTest.php" tests="1" assertions="1" errors="0" failures="0" skipped="0" time="0.043573">
        <testcase name="test_request_instance" file="/app/vendor/gammamatrix/playground-test/src/Unit/Http/Requests/RequestCase.php" line="42" class="Tests\Unit\Playground\Lead\Api\Http\Requests\Opportunity\UpdateRequestTest" classname="Tests.Unit.Playground.Lead.Api.Http.Requests.Opportunity.UpdateRequestTest" assertions="1" time="0.043573"/>
      </testsuite>
      <testsuite name="Tests\Unit\Playground\Lead\Api\Http\Requests\Plan\CreateRequestTest" file="/app/tests/Unit/Http/Requests/Plan/CreateRequestTest.php" tests="1" assertions="1" errors="0" failures="0" skipped="0" time="0.041620">
        <testcase name="test_request_instance" file="/app/vendor/gammamatrix/playground-test/src/Unit/Http/Requests/RequestCase.php" line="42" class="Tests\Unit\Playground\Lead\Api\Http\Requests\Plan\CreateRequestTest" classname="Tests.Unit.Playground.Lead.Api.Http.Requests.Plan.CreateRequestTest" assertions="1" time="0.041620"/>
      </testsuite>
      <testsuite name="Tests\Unit\Playground\Lead\Api\Http\Requests\Plan\DestroyRequestTest" file="/app/tests/Unit/Http/Requests/Plan/DestroyRequestTest.php" tests="1" assertions="1" errors="0" failures="0" skipped="0" time="0.041420">
        <testcase name="test_request_instance" file="/app/vendor/gammamatrix/playground-test/src/Unit/Http/Requests/RequestCase.php" line="42" class="Tests\Unit\Playground\Lead\Api\Http\Requests\Plan\DestroyRequestTest" classname="Tests.Unit.Playground.Lead.Api.Http.Requests.Plan.DestroyRequestTest" assertions="1" time="0.041420"/>
      </testsuite>
      <testsuite name="Tests\Unit\Playground\Lead\Api\Http\Requests\Plan\EditRequestTest" file="/app/tests/Unit/Http/Requests/Plan/EditRequestTest.php" tests="1" assertions="1" errors="0" failures="0" skipped="0" time="0.041425">
        <testcase name="test_request_instance" file="/app/vendor/gammamatrix/playground-test/src/Unit/Http/Requests/RequestCase.php" line="42" class="Tests\Unit\Playground\Lead\Api\Http\Requests\Plan\EditRequestTest" classname="Tests.Unit.Playground.Lead.Api.Http.Requests.Plan.EditRequestTest" assertions="1" time="0.041425"/>
      </testsuite>
      <testsuite name="Tests\Unit\Playground\Lead\Api\Http\Requests\Plan\IndexRequestTest" file="/app/tests/Unit/Http/Requests/Plan/IndexRequestTest.php" tests="1" assertions="1" errors="0" failures="0" skipped="0" time="0.041453">
        <testcase name="test_request_instance" file="/app/vendor/gammamatrix/playground-test/src/Unit/Http/Requests/RequestCase.php" line="42" class="Tests\Unit\Playground\Lead\Api\Http\Requests\Plan\IndexRequestTest" classname="Tests.Unit.Playground.Lead.Api.Http.Requests.Plan.IndexRequestTest" assertions="1" time="0.041453"/>
      </testsuite>
      <testsuite name="Tests\Unit\Playground\Lead\Api\Http\Requests\Plan\LockRequestTest" file="/app/tests/Unit/Http/Requests/Plan/LockRequestTest.php" tests="1" assertions="1" errors="0" failures="0" skipped="0" time="0.041163">
        <testcase name="test_request_instance" file="/app/vendor/gammamatrix/playground-test/src/Unit/Http/Requests/RequestCase.php" line="42" class="Tests\Unit\Playground\Lead\Api\Http\Requests\Plan\LockRequestTest" classname="Tests.Unit.Playground.Lead.Api.Http.Requests.Plan.LockRequestTest" assertions="1" time="0.041163"/>
      </testsuite>
      <testsuite name="Tests\Unit\Playground\Lead\Api\Http\Requests\Plan\RestoreRequestTest" file="/app/tests/Unit/Http/Requests/Plan/RestoreRequestTest.php" tests="1" assertions="1" errors="0" failures="0" skipped="0" time="0.041948">
        <testcase name="test_request_instance" file="/app/vendor/gammamatrix/playground-test/src/Unit/Http/Requests/RequestCase.php" line="42" class="Tests\Unit\Playground\Lead\Api\Http\Requests\Plan\RestoreRequestTest" classname="Tests.Unit.Playground.Lead.Api.Http.Requests.Plan.RestoreRequestTest" assertions="1" time="0.041948"/>
      </testsuite>
      <testsuite name="Tests\Unit\Playground\Lead\Api\Http\Requests\Plan\ShowRequestTest" file="/app/tests/Unit/Http/Requests/Plan/ShowRequestTest.php" tests="1" assertions="1" errors="0" failures="0" skipped="0" time="0.041792">
        <testcase name="test_request_instance" file="/app/vendor/gammamatrix/playground-test/src/Unit/Http/Requests/RequestCase.php" line="42" class="Tests\Unit\Playground\Lead\Api\Http\Requests\Plan\ShowRequestTest" classname="Tests.Unit.Playground.Lead.Api.Http.Requests.Plan.ShowRequestTest" assertions="1" time="0.041792"/>
      </testsuite>
      <testsuite name="Tests\Unit\Playground\Lead\Api\Http\Requests\Plan\StoreRequestTest" file="/app/tests/Unit/Http/Requests/Plan/StoreRequestTest.php" tests="1" assertions="1" errors="0" failures="0" skipped="0" time="0.047219">
        <testcase name="test_request_instance" file="/app/vendor/gammamatrix/playground-test/src/Unit/Http/Requests/RequestCase.php" line="42" class="Tests\Unit\Playground\Lead\Api\Http\Requests\Plan\StoreRequestTest" classname="Tests.Unit.Playground.Lead.Api.Http.Requests.Plan.StoreRequestTest" assertions="1" time="0.047219"/>
      </testsuite>
      <testsuite name="Tests\Unit\Playground\Lead\Api\Http\Requests\Plan\UnlockRequestTest" file="/app/tests/Unit/Http/Requests/Plan/UnlockRequestTest.php" tests="1" assertions="1" errors="0" failures="0" skipped="0" time="0.042958">
        <testcase name="test_request_instance" file="/app/vendor/gammamatrix/playground-test/src/Unit/Http/Requests/RequestCase.php" line="42" class="Tests\Unit\Playground\Lead\Api\Http\Requests\Plan\UnlockRequestTest" classname="Tests.Unit.Playground.Lead.Api.Http.Requests.Plan.UnlockRequestTest" assertions="1" time="0.042958"/>
      </testsuite>
      <testsuite name="Tests\Unit\Playground\Lead\Api\Http\Requests\Plan\UpdateRequestTest" file="/app/tests/Unit/Http/Requests/Plan/UpdateRequestTest.php" tests="1" assertions="1" errors="0" failures="0" skipped="0" time="0.042030">
        <testcase name="test_request_instance" file="/app/vendor/gammamatrix/playground-test/src/Unit/Http/Requests/RequestCase.php" line="42" class="Tests\Unit\Playground\Lead\Api\Http\Requests\Plan\UpdateRequestTest" classname="Tests.Unit.Playground.Lead.Api.Http.Requests.Plan.UpdateRequestTest" assertions="1" time="0.042030"/>
      </testsuite>
      <testsuite name="Tests\Unit\Playground\Lead\Api\Http\Requests\Region\CreateRequestTest" file="/app/tests/Unit/Http/Requests/Region/CreateRequestTest.php" tests="1" assertions="1" errors="0" failures="0" skipped="0" time="0.044055">
        <testcase name="test_request_instance" file="/app/vendor/gammamatrix/playground-test/src/Unit/Http/Requests/RequestCase.php" line="42" class="Tests\Unit\Playground\Lead\Api\Http\Requests\Region\CreateRequestTest" classname="Tests.Unit.Playground.Lead.Api.Http.Requests.Region.CreateRequestTest" assertions="1" time="0.044055"/>
      </testsuite>
      <testsuite name="Tests\Unit\Playground\Lead\Api\Http\Requests\Region\DestroyRequestTest" file="/app/tests/Unit/Http/Requests/Region/DestroyRequestTest.php" tests="1" assertions="1" errors="0" failures="0" skipped="0" time="0.043001">
        <testcase name="test_request_instance" file="/app/vendor/gammamatrix/playground-test/src/Unit/Http/Requests/RequestCase.php" line="42" class="Tests\Unit\Playground\Lead\Api\Http\Requests\Region\DestroyRequestTest" classname="Tests.Unit.Playground.Lead.Api.Http.Requests.Region.DestroyRequestTest" assertions="1" time="0.043001"/>
      </testsuite>
      <testsuite name="Tests\Unit\Playground\Lead\Api\Http\Requests\Region\EditRequestTest" file="/app/tests/Unit/Http/Requests/Region/EditRequestTest.php" tests="1" assertions="1" errors="0" failures="0" skipped="0" time="0.041621">
        <testcase name="test_request_instance" file="/app/vendor/gammamatrix/playground-test/src/Unit/Http/Requests/RequestCase.php" line="42" class="Tests\Unit\Playground\Lead\Api\Http\Requests\Region\EditRequestTest" classname="Tests.Unit.Playground.Lead.Api.Http.Requests.Region.EditRequestTest" assertions="1" time="0.041621"/>
      </testsuite>
      <testsuite name="Tests\Unit\Playground\Lead\Api\Http\Requests\Region\IndexRequestTest" file="/app/tests/Unit/Http/Requests/Region/IndexRequestTest.php" tests="1" assertions="1" errors="0" failures="0" skipped="0" time="0.042950">
        <testcase name="test_request_instance" file="/app/vendor/gammamatrix/playground-test/src/Unit/Http/Requests/RequestCase.php" line="42" class="Tests\Unit\Playground\Lead\Api\Http\Requests\Region\IndexRequestTest" classname="Tests.Unit.Playground.Lead.Api.Http.Requests.Region.IndexRequestTest" assertions="1" time="0.042950"/>
      </testsuite>
      <testsuite name="Tests\Unit\Playground\Lead\Api\Http\Requests\Region\LockRequestTest" file="/app/tests/Unit/Http/Requests/Region/LockRequestTest.php" tests="1" assertions="1" errors="0" failures="0" skipped="0" time="0.042042">
        <testcase name="test_request_instance" file="/app/vendor/gammamatrix/playground-test/src/Unit/Http/Requests/RequestCase.php" line="42" class="Tests\Unit\Playground\Lead\Api\Http\Requests\Region\LockRequestTest" classname="Tests.Unit.Playground.Lead.Api.Http.Requests.Region.LockRequestTest" assertions="1" time="0.042042"/>
      </testsuite>
      <testsuite name="Tests\Unit\Playground\Lead\Api\Http\Requests\Region\RestoreRequestTest" file="/app/tests/Unit/Http/Requests/Region/RestoreRequestTest.php" tests="1" assertions="1" errors="0" failures="0" skipped="0" time="0.041523">
        <testcase name="test_request_instance" file="/app/vendor/gammamatrix/playground-test/src/Unit/Http/Requests/RequestCase.php" line="42" class="Tests\Unit\Playground\Lead\Api\Http\Requests\Region\RestoreRequestTest" classname="Tests.Unit.Playground.Lead.Api.Http.Requests.Region.RestoreRequestTest" assertions="1" time="0.041523"/>
      </testsuite>
      <testsuite name="Tests\Unit\Playground\Lead\Api\Http\Requests\Region\ShowRequestTest" file="/app/tests/Unit/Http/Requests/Region/ShowRequestTest.php" tests="1" assertions="1" errors="0" failures="0" skipped="0" time="0.041524">
        <testcase name="test_request_instance" file="/app/vendor/gammamatrix/playground-test/src/Unit/Http/Requests/RequestCase.php" line="42" class="Tests\Unit\Playground\Lead\Api\Http\Requests\Region\ShowRequestTest" classname="Tests.Unit.Playground.Lead.Api.Http.Requests.Region.ShowRequestTest" assertions="1" time="0.041524"/>
      </testsuite>
      <testsuite name="Tests\Unit\Playground\Lead\Api\Http\Requests\Region\StoreRequestTest" file="/app/tests/Unit/Http/Requests/Region/StoreRequestTest.php" tests="1" assertions="1" errors="0" failures="0" skipped="0" time="0.041131">
        <testcase name="test_request_instance" file="/app/vendor/gammamatrix/playground-test/src/Unit/Http/Requests/RequestCase.php" line="42" class="Tests\Unit\Playground\Lead\Api\Http\Requests\Region\StoreRequestTest" classname="Tests.Unit.Playground.Lead.Api.Http.Requests.Region.StoreRequestTest" assertions="1" time="0.041131"/>
      </testsuite>
      <testsuite name="Tests\Unit\Playground\Lead\Api\Http\Requests\Region\UnlockRequestTest" file="/app/tests/Unit/Http/Requests/Region/UnlockRequestTest.php" tests="1" assertions="1" errors="0" failures="0" skipped="0" time="0.041836">
        <testcase name="test_request_instance" file="/app/vendor/gammamatrix/playground-test/src/Unit/Http/Requests/RequestCase.php" line="42" class="Tests\Unit\Playground\Lead\Api\Http\Requests\Region\UnlockRequestTest" classname="Tests.Unit.Playground.Lead.Api.Http.Requests.Region.UnlockRequestTest" assertions="1" time="0.041836"/>
      </testsuite>
      <testsuite name="Tests\Unit\Playground\Lead\Api\Http\Requests\Region\UpdateRequestTest" file="/app/tests/Unit/Http/Requests/Region/UpdateRequestTest.php" tests="1" assertions="1" errors="0" failures="0" skipped="0" time="0.042217">
        <testcase name="test_request_instance" file="/app/vendor/gammamatrix/playground-test/src/Unit/Http/Requests/RequestCase.php" line="42" class="Tests\Unit\Playground\Lead\Api\Http\Requests\Region\UpdateRequestTest" classname="Tests.Unit.Playground.Lead.Api.Http.Requests.Region.UpdateRequestTest" assertions="1" time="0.042217"/>
      </testsuite>
      <testsuite name="Tests\Unit\Playground\Lead\Api\Http\Requests\Report\CreateRequestTest" file="/app/tests/Unit/Http/Requests/Report/CreateRequestTest.php" tests="1" assertions="1" errors="0" failures="0" skipped="0" time="0.041146">
        <testcase name="test_request_instance" file="/app/vendor/gammamatrix/playground-test/src/Unit/Http/Requests/RequestCase.php" line="42" class="Tests\Unit\Playground\Lead\Api\Http\Requests\Report\CreateRequestTest" classname="Tests.Unit.Playground.Lead.Api.Http.Requests.Report.CreateRequestTest" assertions="1" time="0.041146"/>
      </testsuite>
      <testsuite name="Tests\Unit\Playground\Lead\Api\Http\Requests\Report\DestroyRequestTest" file="/app/tests/Unit/Http/Requests/Report/DestroyRequestTest.php" tests="1" assertions="1" errors="0" failures="0" skipped="0" time="0.041298">
        <testcase name="test_request_instance" file="/app/vendor/gammamatrix/playground-test/src/Unit/Http/Requests/RequestCase.php" line="42" class="Tests\Unit\Playground\Lead\Api\Http\Requests\Report\DestroyRequestTest" classname="Tests.Unit.Playground.Lead.Api.Http.Requests.Report.DestroyRequestTest" assertions="1" time="0.041298"/>
      </testsuite>
      <testsuite name="Tests\Unit\Playground\Lead\Api\Http\Requests\Report\EditRequestTest" file="/app/tests/Unit/Http/Requests/Report/EditRequestTest.php" tests="1" assertions="1" errors="0" failures="0" skipped="0" time="0.041282">
        <testcase name="test_request_instance" file="/app/vendor/gammamatrix/playground-test/src/Unit/Http/Requests/RequestCase.php" line="42" class="Tests\Unit\Playground\Lead\Api\Http\Requests\Report\EditRequestTest" classname="Tests.Unit.Playground.Lead.Api.Http.Requests.Report.EditRequestTest" assertions="1" time="0.041282"/>
      </testsuite>
      <testsuite name="Tests\Unit\Playground\Lead\Api\Http\Requests\Report\IndexRequestTest" file="/app/tests/Unit/Http/Requests/Report/IndexRequestTest.php" tests="1" assertions="1" errors="0" failures="0" skipped="0" time="0.041726">
        <testcase name="test_request_instance" file="/app/vendor/gammamatrix/playground-test/src/Unit/Http/Requests/RequestCase.php" line="42" class="Tests\Unit\Playground\Lead\Api\Http\Requests\Report\IndexRequestTest" classname="Tests.Unit.Playground.Lead.Api.Http.Requests.Report.IndexRequestTest" assertions="1" time="0.041726"/>
      </testsuite>
      <testsuite name="Tests\Unit\Playground\Lead\Api\Http\Requests\Report\LockRequestTest" file="/app/tests/Unit/Http/Requests/Report/LockRequestTest.php" tests="1" assertions="1" errors="0" failures="0" skipped="0" time="0.042112">
        <testcase name="test_request_instance" file="/app/vendor/gammamatrix/playground-test/src/Unit/Http/Requests/RequestCase.php" line="42" class="Tests\Unit\Playground\Lead\Api\Http\Requests\Report\LockRequestTest" classname="Tests.Unit.Playground.Lead.Api.Http.Requests.Report.LockRequestTest" assertions="1" time="0.042112"/>
      </testsuite>
      <testsuite name="Tests\Unit\Playground\Lead\Api\Http\Requests\Report\RestoreRequestTest" file="/app/tests/Unit/Http/Requests/Report/RestoreRequestTest.php" tests="1" assertions="1" errors="0" failures="0" skipped="0" time="0.041326">
        <testcase name="test_request_instance" file="/app/vendor/gammamatrix/playground-test/src/Unit/Http/Requests/RequestCase.php" line="42" class="Tests\Unit\Playground\Lead\Api\Http\Requests\Report\RestoreRequestTest" classname="Tests.Unit.Playground.Lead.Api.Http.Requests.Report.RestoreRequestTest" assertions="1" time="0.041326"/>
      </testsuite>
      <testsuite name="Tests\Unit\Playground\Lead\Api\Http\Requests\Report\ShowRequestTest" file="/app/tests/Unit/Http/Requests/Report/ShowRequestTest.php" tests="1" assertions="1" errors="0" failures="0" skipped="0" time="0.041528">
        <testcase name="test_request_instance" file="/app/vendor/gammamatrix/playground-test/src/Unit/Http/Requests/RequestCase.php" line="42" class="Tests\Unit\Playground\Lead\Api\Http\Requests\Report\ShowRequestTest" classname="Tests.Unit.Playground.Lead.Api.Http.Requests.Report.ShowRequestTest" assertions="1" time="0.041528"/>
      </testsuite>
      <testsuite name="Tests\Unit\Playground\Lead\Api\Http\Requests\Report\StoreRequestTest" file="/app/tests/Unit/Http/Requests/Report/StoreRequestTest.php" tests="1" assertions="1" errors="0" failures="0" skipped="0" time="0.041330">
        <testcase name="test_request_instance" file="/app/vendor/gammamatrix/playground-test/src/Unit/Http/Requests/RequestCase.php" line="42" class="Tests\Unit\Playground\Lead\Api\Http\Requests\Report\StoreRequestTest" classname="Tests.Unit.Playground.Lead.Api.Http.Requests.Report.StoreRequestTest" assertions="1" time="0.041330"/>
      </testsuite>
      <testsuite name="Tests\Unit\Playground\Lead\Api\Http\Requests\Report\UnlockRequestTest" file="/app/tests/Unit/Http/Requests/Report/UnlockRequestTest.php" tests="1" assertions="1" errors="0" failures="0" skipped="0" time="0.041387">
        <testcase name="test_request_instance" file="/app/vendor/gammamatrix/playground-test/src/Unit/Http/Requests/RequestCase.php" line="42" class="Tests\Unit\Playground\Lead\Api\Http\Requests\Report\UnlockRequestTest" classname="Tests.Unit.Playground.Lead.Api.Http.Requests.Report.UnlockRequestTest" assertions="1" time="0.041387"/>
      </testsuite>
      <testsuite name="Tests\Unit\Playground\Lead\Api\Http\Requests\Report\UpdateRequestTest" file="/app/tests/Unit/Http/Requests/Report/UpdateRequestTest.php" tests="1" assertions="1" errors="0" failures="0" skipped="0" time="0.041531">
        <testcase name="test_request_instance" file="/app/vendor/gammamatrix/playground-test/src/Unit/Http/Requests/RequestCase.php" line="42" class="Tests\Unit\Playground\Lead\Api\Http\Requests\Report\UpdateRequestTest" classname="Tests.Unit.Playground.Lead.Api.Http.Requests.Report.UpdateRequestTest" assertions="1" time="0.041531"/>
      </testsuite>
      <testsuite name="Tests\Unit\Playground\Lead\Api\Http\Requests\Source\CreateRequestTest" file="/app/tests/Unit/Http/Requests/Source/CreateRequestTest.php" tests="1" assertions="1" errors="0" failures="0" skipped="0" time="0.042327">
        <testcase name="test_request_instance" file="/app/vendor/gammamatrix/playground-test/src/Unit/Http/Requests/RequestCase.php" line="42" class="Tests\Unit\Playground\Lead\Api\Http\Requests\Source\CreateRequestTest" classname="Tests.Unit.Playground.Lead.Api.Http.Requests.Source.CreateRequestTest" assertions="1" time="0.042327"/>
      </testsuite>
      <testsuite name="Tests\Unit\Playground\Lead\Api\Http\Requests\Source\DestroyRequestTest" file="/app/tests/Unit/Http/Requests/Source/DestroyRequestTest.php" tests="1" assertions="1" errors="0" failures="0" skipped="0" time="0.042242">
        <testcase name="test_request_instance" file="/app/vendor/gammamatrix/playground-test/src/Unit/Http/Requests/RequestCase.php" line="42" class="Tests\Unit\Playground\Lead\Api\Http\Requests\Source\DestroyRequestTest" classname="Tests.Unit.Playground.Lead.Api.Http.Requests.Source.DestroyRequestTest" assertions="1" time="0.042242"/>
      </testsuite>
      <testsuite name="Tests\Unit\Playground\Lead\Api\Http\Requests\Source\EditRequestTest" file="/app/tests/Unit/Http/Requests/Source/EditRequestTest.php" tests="1" assertions="1" errors="0" failures="0" skipped="0" time="0.042288">
        <testcase name="test_request_instance" file="/app/vendor/gammamatrix/playground-test/src/Unit/Http/Requests/RequestCase.php" line="42" class="Tests\Unit\Playground\Lead\Api\Http\Requests\Source\EditRequestTest" classname="Tests.Unit.Playground.Lead.Api.Http.Requests.Source.EditRequestTest" assertions="1" time="0.042288"/>
      </testsuite>
      <testsuite name="Tests\Unit\Playground\Lead\Api\Http\Requests\Source\IndexRequestTest" file="/app/tests/Unit/Http/Requests/Source/IndexRequestTest.php" tests="1" assertions="1" errors="0" failures="0" skipped="0" time="0.042621">
        <testcase name="test_request_instance" file="/app/vendor/gammamatrix/playground-test/src/Unit/Http/Requests/RequestCase.php" line="42" class="Tests\Unit\Playground\Lead\Api\Http\Requests\Source\IndexRequestTest" classname="Tests.Unit.Playground.Lead.Api.Http.Requests.Source.IndexRequestTest" assertions="1" time="0.042621"/>
      </testsuite>
      <testsuite name="Tests\Unit\Playground\Lead\Api\Http\Requests\Source\LockRequestTest" file="/app/tests/Unit/Http/Requests/Source/LockRequestTest.php" tests="1" assertions="1" errors="0" failures="0" skipped="0" time="0.047919">
        <testcase name="test_request_instance" file="/app/vendor/gammamatrix/playground-test/src/Unit/Http/Requests/RequestCase.php" line="42" class="Tests\Unit\Playground\Lead\Api\Http\Requests\Source\LockRequestTest" classname="Tests.Unit.Playground.Lead.Api.Http.Requests.Source.LockRequestTest" assertions="1" time="0.047919"/>
      </testsuite>
      <testsuite name="Tests\Unit\Playground\Lead\Api\Http\Requests\Source\RestoreRequestTest" file="/app/tests/Unit/Http/Requests/Source/RestoreRequestTest.php" tests="1" assertions="1" errors="0" failures="0" skipped="0" time="0.042457">
        <testcase name="test_request_instance" file="/app/vendor/gammamatrix/playground-test/src/Unit/Http/Requests/RequestCase.php" line="42" class="Tests\Unit\Playground\Lead\Api\Http\Requests\Source\RestoreRequestTest" classname="Tests.Unit.Playground.Lead.Api.Http.Requests.Source.RestoreRequestTest" assertions="1" time="0.042457"/>
      </testsuite>
      <testsuite name="Tests\Unit\Playground\Lead\Api\Http\Requests\Source\ShowRequestTest" file="/app/tests/Unit/Http/Requests/Source/ShowRequestTest.php" tests="1" assertions="1" errors="0" failures="0" skipped="0" time="0.042040">
        <testcase name="test_request_instance" file="/app/vendor/gammamatrix/playground-test/src/Unit/Http/Requests/RequestCase.php" line="42" class="Tests\Unit\Playground\Lead\Api\Http\Requests\Source\ShowRequestTest" classname="Tests.Unit.Playground.Lead.Api.Http.Requests.Source.ShowRequestTest" assertions="1" time="0.042040"/>
      </testsuite>
      <testsuite name="Tests\Unit\Playground\Lead\Api\Http\Requests\Source\StoreRequestTest" file="/app/tests/Unit/Http/Requests/Source/StoreRequestTest.php" tests="1" assertions="1" errors="0" failures="0" skipped="0" time="0.042689">
        <testcase name="test_request_instance" file="/app/vendor/gammamatrix/playground-test/src/Unit/Http/Requests/RequestCase.php" line="42" class="Tests\Unit\Playground\Lead\Api\Http\Requests\Source\StoreRequestTest" classname="Tests.Unit.Playground.Lead.Api.Http.Requests.Source.StoreRequestTest" assertions="1" time="0.042689"/>
      </testsuite>
      <testsuite name="Tests\Unit\Playground\Lead\Api\Http\Requests\Source\UnlockRequestTest" file="/app/tests/Unit/Http/Requests/Source/UnlockRequestTest.php" tests="1" assertions="1" errors="0" failures="0" skipped="0" time="0.042058">
        <testcase name="test_request_instance" file="/app/vendor/gammamatrix/playground-test/src/Unit/Http/Requests/RequestCase.php" line="42" class="Tests\Unit\Playground\Lead\Api\Http\Requests\Source\UnlockRequestTest" classname="Tests.Unit.Playground.Lead.Api.Http.Requests.Source.UnlockRequestTest" assertions="1" time="0.042058"/>
      </testsuite>
      <testsuite name="Tests\Unit\Playground\Lead\Api\Http\Requests\Source\UpdateRequestTest" file="/app/tests/Unit/Http/Requests/Source/UpdateRequestTest.php" tests="1" assertions="1" errors="0" failures="0" skipped="0" time="0.042477">
        <testcase name="test_request_instance" file="/app/vendor/gammamatrix/playground-test/src/Unit/Http/Requests/RequestCase.php" line="42" class="Tests\Unit\Playground\Lead\Api\Http\Requests\Source\UpdateRequestTest" classname="Tests.Unit.Playground.Lead.Api.Http.Requests.Source.UpdateRequestTest" assertions="1" time="0.042477"/>
      </testsuite>
      <testsuite name="Tests\Unit\Playground\Lead\Api\Http\Requests\Task\CreateRequestTest" file="/app/tests/Unit/Http/Requests/Task/CreateRequestTest.php" tests="1" assertions="1" errors="0" failures="0" skipped="0" time="0.042205">
        <testcase name="test_request_instance" file="/app/vendor/gammamatrix/playground-test/src/Unit/Http/Requests/RequestCase.php" line="42" class="Tests\Unit\Playground\Lead\Api\Http\Requests\Task\CreateRequestTest" classname="Tests.Unit.Playground.Lead.Api.Http.Requests.Task.CreateRequestTest" assertions="1" time="0.042205"/>
      </testsuite>
      <testsuite name="Tests\Unit\Playground\Lead\Api\Http\Requests\Task\DestroyRequestTest" file="/app/tests/Unit/Http/Requests/Task/DestroyRequestTest.php" tests="1" assertions="1" errors="0" failures="0" skipped="0" time="0.044454">
        <testcase name="test_request_instance" file="/app/vendor/gammamatrix/playground-test/src/Unit/Http/Requests/RequestCase.php" line="42" class="Tests\Unit\Playground\Lead\Api\Http\Requests\Task\DestroyRequestTest" classname="Tests.Unit.Playground.Lead.Api.Http.Requests.Task.DestroyRequestTest" assertions="1" time="0.044454"/>
      </testsuite>
      <testsuite name="Tests\Unit\Playground\Lead\Api\Http\Requests\Task\EditRequestTest" file="/app/tests/Unit/Http/Requests/Task/EditRequestTest.php" tests="1" assertions="1" errors="0" failures="0" skipped="0" time="0.042391">
        <testcase name="test_request_instance" file="/app/vendor/gammamatrix/playground-test/src/Unit/Http/Requests/RequestCase.php" line="42" class="Tests\Unit\Playground\Lead\Api\Http\Requests\Task\EditRequestTest" classname="Tests.Unit.Playground.Lead.Api.Http.Requests.Task.EditRequestTest" assertions="1" time="0.042391"/>
      </testsuite>
      <testsuite name="Tests\Unit\Playground\Lead\Api\Http\Requests\Task\IndexRequestTest" file="/app/tests/Unit/Http/Requests/Task/IndexRequestTest.php" tests="1" assertions="1" errors="0" failures="0" skipped="0" time="0.042495">
        <testcase name="test_request_instance" file="/app/vendor/gammamatrix/playground-test/src/Unit/Http/Requests/RequestCase.php" line="42" class="Tests\Unit\Playground\Lead\Api\Http\Requests\Task\IndexRequestTest" classname="Tests.Unit.Playground.Lead.Api.Http.Requests.Task.IndexRequestTest" assertions="1" time="0.042495"/>
      </testsuite>
      <testsuite name="Tests\Unit\Playground\Lead\Api\Http\Requests\Task\LockRequestTest" file="/app/tests/Unit/Http/Requests/Task/LockRequestTest.php" tests="1" assertions="1" errors="0" failures="0" skipped="0" time="0.041998">
        <testcase name="test_request_instance" file="/app/vendor/gammamatrix/playground-test/src/Unit/Http/Requests/RequestCase.php" line="42" class="Tests\Unit\Playground\Lead\Api\Http\Requests\Task\LockRequestTest" classname="Tests.Unit.Playground.Lead.Api.Http.Requests.Task.LockRequestTest" assertions="1" time="0.041998"/>
      </testsuite>
      <testsuite name="Tests\Unit\Playground\Lead\Api\Http\Requests\Task\RestoreRequestTest" file="/app/tests/Unit/Http/Requests/Task/RestoreRequestTest.php" tests="1" assertions="1" errors="0" failures="0" skipped="0" time="0.042520">
        <testcase name="test_request_instance" file="/app/vendor/gammamatrix/playground-test/src/Unit/Http/Requests/RequestCase.php" line="42" class="Tests\Unit\Playground\Lead\Api\Http\Requests\Task\RestoreRequestTest" classname="Tests.Unit.Playground.Lead.Api.Http.Requests.Task.RestoreRequestTest" assertions="1" time="0.042520"/>
      </testsuite>
      <testsuite name="Tests\Unit\Playground\Lead\Api\Http\Requests\Task\ShowRequestTest" file="/app/tests/Unit/Http/Requests/Task/ShowRequestTest.php" tests="1" assertions="1" errors="0" failures="0" skipped="0" time="0.042573">
        <testcase name="test_request_instance" file="/app/vendor/gammamatrix/playground-test/src/Unit/Http/Requests/RequestCase.php" line="42" class="Tests\Unit\Playground\Lead\Api\Http\Requests\Task\ShowRequestTest" classname="Tests.Unit.Playground.Lead.Api.Http.Requests.Task.ShowRequestTest" assertions="1" time="0.042573"/>
      </testsuite>
      <testsuite name="Tests\Unit\Playground\Lead\Api\Http\Requests\Task\StoreRequestTest" file="/app/tests/Unit/Http/Requests/Task/StoreRequestTest.php" tests="1" assertions="1" errors="0" failures="0" skipped="0" time="0.043915">
        <testcase name="test_request_instance" file="/app/vendor/gammamatrix/playground-test/src/Unit/Http/Requests/RequestCase.php" line="42" class="Tests\Unit\Playground\Lead\Api\Http\Requests\Task\StoreRequestTest" classname="Tests.Unit.Playground.Lead.Api.Http.Requests.Task.StoreRequestTest" assertions="1" time="0.043915"/>
      </testsuite>
      <testsuite name="Tests\Unit\Playground\Lead\Api\Http\Requests\Task\UnlockRequestTest" file="/app/tests/Unit/Http/Requests/Task/UnlockRequestTest.php" tests="1" assertions="1" errors="0" failures="0" skipped="0" time="0.042126">
        <testcase name="test_request_instance" file="/app/vendor/gammamatrix/playground-test/src/Unit/Http/Requests/RequestCase.php" line="42" class="Tests\Unit\Playground\Lead\Api\Http\Requests\Task\UnlockRequestTest" classname="Tests.Unit.Playground.Lead.Api.Http.Requests.Task.UnlockRequestTest" assertions="1" time="0.042126"/>
      </testsuite>
      <testsuite name="Tests\Unit\Playground\Lead\Api\Http\Requests\Task\UpdateRequestTest" file="/app/tests/Unit/Http/Requests/Task/UpdateRequestTest.php" tests="1" assertions="1" errors="0" failures="0" skipped="0" time="0.042076">
        <testcase name="test_request_instance" file="/app/vendor/gammamatrix/playground-test/src/Unit/Http/Requests/RequestCase.php" line="42" class="Tests\Unit\Playground\Lead\Api\Http\Requests\Task\UpdateRequestTest" classname="Tests.Unit.Playground.Lead.Api.Http.Requests.Task.UpdateRequestTest" assertions="1" time="0.042076"/>
      </testsuite>
      <testsuite name="Tests\Unit\Playground\Lead\Api\Http\Requests\Team\CreateRequestTest" file="/app/tests/Unit/Http/Requests/Team/CreateRequestTest.php" tests="1" assertions="1" errors="0" failures="0" skipped="0" time="0.043584">
        <testcase name="test_request_instance" file="/app/vendor/gammamatrix/playground-test/src/Unit/Http/Requests/RequestCase.php" line="42" class="Tests\Unit\Playground\Lead\Api\Http\Requests\Team\CreateRequestTest" classname="Tests.Unit.Playground.Lead.Api.Http.Requests.Team.CreateRequestTest" assertions="1" time="0.043584"/>
      </testsuite>
      <testsuite name="Tests\Unit\Playground\Lead\Api\Http\Requests\Team\DestroyRequestTest" file="/app/tests/Unit/Http/Requests/Team/DestroyRequestTest.php" tests="1" assertions="1" errors="0" failures="0" skipped="0" time="0.042128">
        <testcase name="test_request_instance" file="/app/vendor/gammamatrix/playground-test/src/Unit/Http/Requests/RequestCase.php" line="42" class="Tests\Unit\Playground\Lead\Api\Http\Requests\Team\DestroyRequestTest" classname="Tests.Unit.Playground.Lead.Api.Http.Requests.Team.DestroyRequestTest" assertions="1" time="0.042128"/>
      </testsuite>
      <testsuite name="Tests\Unit\Playground\Lead\Api\Http\Requests\Team\EditRequestTest" file="/app/tests/Unit/Http/Requests/Team/EditRequestTest.php" tests="1" assertions="1" errors="0" failures="0" skipped="0" time="0.042550">
        <testcase name="test_request_instance" file="/app/vendor/gammamatrix/playground-test/src/Unit/Http/Requests/RequestCase.php" line="42" class="Tests\Unit\Playground\Lead\Api\Http\Requests\Team\EditRequestTest" classname="Tests.Unit.Playground.Lead.Api.Http.Requests.Team.EditRequestTest" assertions="1" time="0.042550"/>
      </testsuite>
      <testsuite name="Tests\Unit\Playground\Lead\Api\Http\Requests\Team\IndexRequestTest" file="/app/tests/Unit/Http/Requests/Team/IndexRequestTest.php" tests="1" assertions="1" errors="0" failures="0" skipped="0" time="0.042579">
        <testcase name="test_request_instance" file="/app/vendor/gammamatrix/playground-test/src/Unit/Http/Requests/RequestCase.php" line="42" class="Tests\Unit\Playground\Lead\Api\Http\Requests\Team\IndexRequestTest" classname="Tests.Unit.Playground.Lead.Api.Http.Requests.Team.IndexRequestTest" assertions="1" time="0.042579"/>
      </testsuite>
      <testsuite name="Tests\Unit\Playground\Lead\Api\Http\Requests\Team\LockRequestTest" file="/app/tests/Unit/Http/Requests/Team/LockRequestTest.php" tests="1" assertions="1" errors="0" failures="0" skipped="0" time="0.041954">
        <testcase name="test_request_instance" file="/app/vendor/gammamatrix/playground-test/src/Unit/Http/Requests/RequestCase.php" line="42" class="Tests\Unit\Playground\Lead\Api\Http\Requests\Team\LockRequestTest" classname="Tests.Unit.Playground.Lead.Api.Http.Requests.Team.LockRequestTest" assertions="1" time="0.041954"/>
      </testsuite>
      <testsuite name="Tests\Unit\Playground\Lead\Api\Http\Requests\Team\RestoreRequestTest" file="/app/tests/Unit/Http/Requests/Team/RestoreRequestTest.php" tests="1" assertions="1" errors="0" failures="0" skipped="0" time="0.042058">
        <testcase name="test_request_instance" file="/app/vendor/gammamatrix/playground-test/src/Unit/Http/Requests/RequestCase.php" line="42" class="Tests\Unit\Playground\Lead\Api\Http\Requests\Team\RestoreRequestTest" classname="Tests.Unit.Playground.Lead.Api.Http.Requests.Team.RestoreRequestTest" assertions="1" time="0.042058"/>
      </testsuite>
      <testsuite name="Tests\Unit\Playground\Lead\Api\Http\Requests\Team\ShowRequestTest" file="/app/tests/Unit/Http/Requests/Team/ShowRequestTest.php" tests="1" assertions="1" errors="0" failures="0" skipped="0" time="0.042222">
        <testcase name="test_request_instance" file="/app/vendor/gammamatrix/playground-test/src/Unit/Http/Requests/RequestCase.php" line="42" class="Tests\Unit\Playground\Lead\Api\Http\Requests\Team\ShowRequestTest" classname="Tests.Unit.Playground.Lead.Api.Http.Requests.Team.ShowRequestTest" assertions="1" time="0.042222"/>
      </testsuite>
      <testsuite name="Tests\Unit\Playground\Lead\Api\Http\Requests\Team\StoreRequestTest" file="/app/tests/Unit/Http/Requests/Team/StoreRequestTest.php" tests="1" assertions="1" errors="0" failures="0" skipped="0" time="0.043079">
        <testcase name="test_request_instance" file="/app/vendor/gammamatrix/playground-test/src/Unit/Http/Requests/RequestCase.php" line="42" class="Tests\Unit\Playground\Lead\Api\Http\Requests\Team\StoreRequestTest" classname="Tests.Unit.Playground.Lead.Api.Http.Requests.Team.StoreRequestTest" assertions="1" time="0.043079"/>
      </testsuite>
      <testsuite name="Tests\Unit\Playground\Lead\Api\Http\Requests\Team\UnlockRequestTest" file="/app/tests/Unit/Http/Requests/Team/UnlockRequestTest.php" tests="1" assertions="1" errors="0" failures="0" skipped="0" time="0.042617">
        <testcase name="test_request_instance" file="/app/vendor/gammamatrix/playground-test/src/Unit/Http/Requests/RequestCase.php" line="42" class="Tests\Unit\Playground\Lead\Api\Http\Requests\Team\UnlockRequestTest" classname="Tests.Unit.Playground.Lead.Api.Http.Requests.Team.UnlockRequestTest" assertions="1" time="0.042617"/>
      </testsuite>
      <testsuite name="Tests\Unit\Playground\Lead\Api\Http\Requests\Team\UpdateRequestTest" file="/app/tests/Unit/Http/Requests/Team/UpdateRequestTest.php" tests="1" assertions="1" errors="0" failures="0" skipped="0" time="0.041669">
        <testcase name="test_request_instance" file="/app/vendor/gammamatrix/playground-test/src/Unit/Http/Requests/RequestCase.php" line="42" class="Tests\Unit\Playground\Lead\Api\Http\Requests\Team\UpdateRequestTest" classname="Tests.Unit.Playground.Lead.Api.Http.Requests.Team.UpdateRequestTest" assertions="1" time="0.041669"/>
      </testsuite>
      <testsuite name="Tests\Unit\Playground\Lead\Api\Http\Requests\Teammate\CreateRequestTest" file="/app/tests/Unit/Http/Requests/Teammate/CreateRequestTest.php" tests="1" assertions="1" errors="0" failures="0" skipped="0" time="0.042202">
        <testcase name="test_request_instance" file="/app/vendor/gammamatrix/playground-test/src/Unit/Http/Requests/RequestCase.php" line="42" class="Tests\Unit\Playground\Lead\Api\Http\Requests\Teammate\CreateRequestTest" classname="Tests.Unit.Playground.Lead.Api.Http.Requests.Teammate.CreateRequestTest" assertions="1" time="0.042202"/>
      </testsuite>
      <testsuite name="Tests\Unit\Playground\Lead\Api\Http\Requests\Teammate\DestroyRequestTest" file="/app/tests/Unit/Http/Requests/Teammate/DestroyRequestTest.php" tests="1" assertions="1" errors="0" failures="0" skipped="0" time="0.049495">
        <testcase name="test_request_instance" file="/app/vendor/gammamatrix/playground-test/src/Unit/Http/Requests/RequestCase.php" line="42" class="Tests\Unit\Playground\Lead\Api\Http\Requests\Teammate\DestroyRequestTest" classname="Tests.Unit.Playground.Lead.Api.Http.Requests.Teammate.DestroyRequestTest" assertions="1" time="0.049495"/>
      </testsuite>
      <testsuite name="Tests\Unit\Playground\Lead\Api\Http\Requests\Teammate\EditRequestTest" file="/app/tests/Unit/Http/Requests/Teammate/EditRequestTest.php" tests="1" assertions="1" errors="0" failures="0" skipped="0" time="0.041793">
        <testcase name="test_request_instance" file="/app/vendor/gammamatrix/playground-test/src/Unit/Http/Requests/RequestCase.php" line="42" class="Tests\Unit\Playground\Lead\Api\Http\Requests\Teammate\EditRequestTest" classname="Tests.Unit.Playground.Lead.Api.Http.Requests.Teammate.EditRequestTest" assertions="1" time="0.041793"/>
      </testsuite>
      <testsuite name="Tests\Unit\Playground\Lead\Api\Http\Requests\Teammate\IndexRequestTest" file="/app/tests/Unit/Http/Requests/Teammate/IndexRequestTest.php" tests="1" assertions="1" errors="0" failures="0" skipped="0" time="0.042051">
        <testcase name="test_request_instance" file="/app/vendor/gammamatrix/playground-test/src/Unit/Http/Requests/RequestCase.php" line="42" class="Tests\Unit\Playground\Lead\Api\Http\Requests\Teammate\IndexRequestTest" classname="Tests.Unit.Playground.Lead.Api.Http.Requests.Teammate.IndexRequestTest" assertions="1" time="0.042051"/>
      </testsuite>
      <testsuite name="Tests\Unit\Playground\Lead\Api\Http\Requests\Teammate\LockRequestTest" file="/app/tests/Unit/Http/Requests/Teammate/LockRequestTest.php" tests="1" assertions="1" errors="0" failures="0" skipped="0" time="0.041859">
        <testcase name="test_request_instance" file="/app/vendor/gammamatrix/playground-test/src/Unit/Http/Requests/RequestCase.php" line="42" class="Tests\Unit\Playground\Lead\Api\Http\Requests\Teammate\LockRequestTest" classname="Tests.Unit.Playground.Lead.Api.Http.Requests.Teammate.LockRequestTest" assertions="1" time="0.041859"/>
      </testsuite>
      <testsuite name="Tests\Unit\Playground\Lead\Api\Http\Requests\Teammate\RestoreRequestTest" file="/app/tests/Unit/Http/Requests/Teammate/RestoreRequestTest.php" tests="1" assertions="1" errors="0" failures="0" skipped="0" time="0.042093">
        <testcase name="test_request_instance" file="/app/vendor/gammamatrix/playground-test/src/Unit/Http/Requests/RequestCase.php" line="42" class="Tests\Unit\Playground\Lead\Api\Http\Requests\Teammate\RestoreRequestTest" classname="Tests.Unit.Playground.Lead.Api.Http.Requests.Teammate.RestoreRequestTest" assertions="1" time="0.042093"/>
      </testsuite>
      <testsuite name="Tests\Unit\Playground\Lead\Api\Http\Requests\Teammate\ShowRequestTest" file="/app/tests/Unit/Http/Requests/Teammate/ShowRequestTest.php" tests="1" assertions="1" errors="0" failures="0" skipped="0" time="0.042035">
        <testcase name="test_request_instance" file="/app/vendor/gammamatrix/playground-test/src/Unit/Http/Requests/RequestCase.php" line="42" class="Tests\Unit\Playground\Lead\Api\Http\Requests\Teammate\ShowRequestTest" classname="Tests.Unit.Playground.Lead.Api.Http.Requests.Teammate.ShowRequestTest" assertions="1" time="0.042035"/>
      </testsuite>
      <testsuite name="Tests\Unit\Playground\Lead\Api\Http\Requests\Teammate\StoreRequestTest" file="/app/tests/Unit/Http/Requests/Teammate/StoreRequestTest.php" tests="1" assertions="1" errors="0" failures="0" skipped="0" time="0.042756">
        <testcase name="test_request_instance" file="/app/vendor/gammamatrix/playground-test/src/Unit/Http/Requests/RequestCase.php" line="42" class="Tests\Unit\Playground\Lead\Api\Http\Requests\Teammate\StoreRequestTest" classname="Tests.Unit.Playground.Lead.Api.Http.Requests.Teammate.StoreRequestTest" assertions="1" time="0.042756"/>
      </testsuite>
      <testsuite name="Tests\Unit\Playground\Lead\Api\Http\Requests\Teammate\UnlockRequestTest" file="/app/tests/Unit/Http/Requests/Teammate/UnlockRequestTest.php" tests="1" assertions="1" errors="0" failures="0" skipped="0" time="0.042491">
        <testcase name="test_request_instance" file="/app/vendor/gammamatrix/playground-test/src/Unit/Http/Requests/RequestCase.php" line="42" class="Tests\Unit\Playground\Lead\Api\Http\Requests\Teammate\UnlockRequestTest" classname="Tests.Unit.Playground.Lead.Api.Http.Requests.Teammate.UnlockRequestTest" assertions="1" time="0.042491"/>
      </testsuite>
      <testsuite name="Tests\Unit\Playground\Lead\Api\Http\Requests\Teammate\UpdateRequestTest" file="/app/tests/Unit/Http/Requests/Teammate/UpdateRequestTest.php" tests="1" assertions="1" errors="0" failures="0" skipped="0" time="0.042295">
        <testcase name="test_request_instance" file="/app/vendor/gammamatrix/playground-test/src/Unit/Http/Requests/RequestCase.php" line="42" class="Tests\Unit\Playground\Lead\Api\Http\Requests\Teammate\UpdateRequestTest" classname="Tests.Unit.Playground.Lead.Api.Http.Requests.Teammate.UpdateRequestTest" assertions="1" time="0.042295"/>
      </testsuite>
      <testsuite name="Tests\Unit\Playground\Lead\Api\Policies\CampaignPolicy\PolicyTest" file="/app/tests/Unit/Policies/CampaignPolicy/PolicyTest.php" tests="1" assertions="1" errors="0" failures="0" skipped="0" time="0.041813">
        <testcase name="test_policy_instance" file="/app/tests/Unit/Policies/CampaignPolicy/PolicyTest.php" line="21" class="Tests\Unit\Playground\Lead\Api\Policies\CampaignPolicy\PolicyTest" classname="Tests.Unit.Playground.Lead.Api.Policies.CampaignPolicy.PolicyTest" assertions="1" time="0.041813"/>
      </testsuite>
      <testsuite name="Tests\Unit\Playground\Lead\Api\Policies\GoalPolicy\PolicyTest" file="/app/tests/Unit/Policies/GoalPolicy/PolicyTest.php" tests="1" assertions="1" errors="0" failures="0" skipped="0" time="0.041306">
        <testcase name="test_policy_instance" file="/app/tests/Unit/Policies/GoalPolicy/PolicyTest.php" line="21" class="Tests\Unit\Playground\Lead\Api\Policies\GoalPolicy\PolicyTest" classname="Tests.Unit.Playground.Lead.Api.Policies.GoalPolicy.PolicyTest" assertions="1" time="0.041306"/>
      </testsuite>
      <testsuite name="Tests\Unit\Playground\Lead\Api\Policies\LeadPolicy\PolicyTest" file="/app/tests/Unit/Policies/LeadPolicy/PolicyTest.php" tests="1" assertions="1" errors="0" failures="0" skipped="0" time="0.043783">
        <testcase name="test_policy_instance" file="/app/tests/Unit/Policies/LeadPolicy/PolicyTest.php" line="21" class="Tests\Unit\Playground\Lead\Api\Policies\LeadPolicy\PolicyTest" classname="Tests.Unit.Playground.Lead.Api.Policies.LeadPolicy.PolicyTest" assertions="1" time="0.043783"/>
      </testsuite>
      <testsuite name="Tests\Unit\Playground\Lead\Api\Policies\OpportunityPolicy\PolicyTest" file="/app/tests/Unit/Policies/OpportunityPolicy/PolicyTest.php" tests="1" assertions="1" errors="0" failures="0" skipped="0" time="0.042933">
        <testcase name="test_policy_instance" file="/app/tests/Unit/Policies/OpportunityPolicy/PolicyTest.php" line="21" class="Tests\Unit\Playground\Lead\Api\Policies\OpportunityPolicy\PolicyTest" classname="Tests.Unit.Playground.Lead.Api.Policies.OpportunityPolicy.PolicyTest" assertions="1" time="0.042933"/>
      </testsuite>
      <testsuite name="Tests\Unit\Playground\Lead\Api\Policies\PlanPolicy\PolicyTest" file="/app/tests/Unit/Policies/PlanPolicy/PolicyTest.php" tests="1" assertions="1" errors="0" failures="0" skipped="0" time="0.042410">
        <testcase name="test_policy_instance" file="/app/tests/Unit/Policies/PlanPolicy/PolicyTest.php" line="21" class="Tests\Unit\Playground\Lead\Api\Policies\PlanPolicy\PolicyTest" classname="Tests.Unit.Playground.Lead.Api.Policies.PlanPolicy.PolicyTest" assertions="1" time="0.042410"/>
      </testsuite>
      <testsuite name="Tests\Unit\Playground\Lead\Api\Policies\RegionPolicy\PolicyTest" file="/app/tests/Unit/Policies/RegionPolicy/PolicyTest.php" tests="1" assertions="1" errors="0" failures="0" skipped="0" time="0.044777">
        <testcase name="test_policy_instance" file="/app/tests/Unit/Policies/RegionPolicy/PolicyTest.php" line="21" class="Tests\Unit\Playground\Lead\Api\Policies\RegionPolicy\PolicyTest" classname="Tests.Unit.Playground.Lead.Api.Policies.RegionPolicy.PolicyTest" assertions="1" time="0.044777"/>
      </testsuite>
      <testsuite name="Tests\Unit\Playground\Lead\Api\Policies\ReportPolicy\PolicyTest" file="/app/tests/Unit/Policies/ReportPolicy/PolicyTest.php" tests="1" assertions="1" errors="0" failures="0" skipped="0" time="0.042813">
        <testcase name="test_policy_instance" file="/app/tests/Unit/Policies/ReportPolicy/PolicyTest.php" line="21" class="Tests\Unit\Playground\Lead\Api\Policies\ReportPolicy\PolicyTest" classname="Tests.Unit.Playground.Lead.Api.Policies.ReportPolicy.PolicyTest" assertions="1" time="0.042813"/>
      </testsuite>
      <testsuite name="Tests\Unit\Playground\Lead\Api\Policies\SourcePolicy\PolicyTest" file="/app/tests/Unit/Policies/SourcePolicy/PolicyTest.php" tests="1" assertions="1" errors="0" failures="0" skipped="0" time="0.042606">
        <testcase name="test_policy_instance" file="/app/tests/Unit/Policies/SourcePolicy/PolicyTest.php" line="21" class="Tests\Unit\Playground\Lead\Api\Policies\SourcePolicy\PolicyTest" classname="Tests.Unit.Playground.Lead.Api.Policies.SourcePolicy.PolicyTest" assertions="1" time="0.042606"/>
      </testsuite>
      <testsuite name="Tests\Unit\Playground\Lead\Api\Policies\TaskPolicy\PolicyTest" file="/app/tests/Unit/Policies/TaskPolicy/PolicyTest.php" tests="1" assertions="1" errors="0" failures="0" skipped="0" time="0.042774">
        <testcase name="test_policy_instance" file="/app/tests/Unit/Policies/TaskPolicy/PolicyTest.php" line="21" class="Tests\Unit\Playground\Lead\Api\Policies\TaskPolicy\PolicyTest" classname="Tests.Unit.Playground.Lead.Api.Policies.TaskPolicy.PolicyTest" assertions="1" time="0.042774"/>
      </testsuite>
      <testsuite name="Tests\Unit\Playground\Lead\Api\Policies\TeamPolicy\PolicyTest" file="/app/tests/Unit/Policies/TeamPolicy/PolicyTest.php" tests="1" assertions="1" errors="0" failures="0" skipped="0" time="0.042811">
        <testcase name="test_policy_instance" file="/app/tests/Unit/Policies/TeamPolicy/PolicyTest.php" line="21" class="Tests\Unit\Playground\Lead\Api\Policies\TeamPolicy\PolicyTest" classname="Tests.Unit.Playground.Lead.Api.Policies.TeamPolicy.PolicyTest" assertions="1" time="0.042811"/>
      </testsuite>
      <testsuite name="Tests\Unit\Playground\Lead\Api\Policies\TeammatePolicy\PolicyTest" file="/app/tests/Unit/Policies/TeammatePolicy/PolicyTest.php" tests="1" assertions="1" errors="0" failures="0" skipped="0" time="0.042083">
        <testcase name="test_policy_instance" file="/app/tests/Unit/Policies/TeammatePolicy/PolicyTest.php" line="21" class="Tests\Unit\Playground\Lead\Api\Policies\TeammatePolicy\PolicyTest" classname="Tests.Unit.Playground.Lead.Api.Policies.TeammatePolicy.PolicyTest" assertions="1" time="0.042083"/>
      </testsuite>
      <testsuite name="Tests\Unit\Playground\Lead\Api\ServiceProvider\InstanceTest" file="/app/tests/Unit/ServiceProvider/InstanceTest.php" tests="4" assertions="8" errors="0" failures="0" skipped="0" time="0.176010">
        <testcase name="test_version_matches" file="/app/tests/Unit/ServiceProvider/InstanceTest.php" line="22" class="Tests\Unit\Playground\Lead\Api\ServiceProvider\InstanceTest" classname="Tests.Unit.Playground.Lead.Api.ServiceProvider.InstanceTest" assertions="3" time="0.042916"/>
        <testcase name="test_set_policies_with_empty_array" file="/app/tests/Unit/ServiceProvider/InstanceTest.php" line="32" class="Tests\Unit\Playground\Lead\Api\ServiceProvider\InstanceTest" classname="Tests.Unit.Playground.Lead.Api.ServiceProvider.InstanceTest" assertions="1" time="0.042481"/>
        <testcase name="test_set_policies_with_invalid_model" file="/app/tests/Unit/ServiceProvider/InstanceTest.php" line="46" class="Tests\Unit\Playground\Lead\Api\ServiceProvider\InstanceTest" classname="Tests.Unit.Playground.Lead.Api.ServiceProvider.InstanceTest" assertions="2" time="0.045221"/>
        <testcase name="test_set_policies_with_invalid_policy" file="/app/tests/Unit/ServiceProvider/InstanceTest.php" line="77" class="Tests\Unit\Playground\Lead\Api\ServiceProvider\InstanceTest" classname="Tests.Unit.Playground.Lead.Api.ServiceProvider.InstanceTest" assertions="2" time="0.045391"/>
      </testsuite>
    </testsuite>
    <testsuite name="Feature" tests="387" assertions="13258" errors="0" failures="0" skipped="0" time="160.340015">
      <testsuite name="Tests\Feature\Playground\Lead\Api\Console\Commands\About\CommandTest" file="/app/tests/Feature/Console/Commands/About/CommandTest.php" tests="1" assertions="2" errors="0" failures="0" skipped="0" time="0.581201">
        <testcase name="test_command_about_displays_package_information_and_succeed" file="/app/tests/Feature/Console/Commands/About/CommandTest.php" line="23" class="Tests\Feature\Playground\Lead\Api\Console\Commands\About\CommandTest" classname="Tests.Feature.Playground.Lead.Api.Console.Commands.About.CommandTest" assertions="2" time="0.581201"/>
      </testsuite>
      <testsuite name="Tests\Feature\Playground\Lead\Api\Http\Controllers\Playground\CampaignRouteTest" file="/app/tests/Feature/Http/Controllers/Playground/CampaignRouteTest.php" tests="35" assertions="1205" errors="0" failures="0" skipped="0" time="13.816646">
        <testcase name="test_json_guest_cannot_get_create_info" file="/app/vendor/gammamatrix/playground-test/src/Feature/Http/Controllers/Resource/Playground/CreateJsonTrait.php" line="39" class="Tests\Feature\Playground\Lead\Api\Http\Controllers\Playground\CampaignRouteTest" classname="Tests.Feature.Playground.Lead.Api.Http.Controllers.Playground.CampaignRouteTest" assertions="1" time="0.385460"/>
        <testcase name="test_json_admin_can_get_create_info" file="/app/vendor/gammamatrix/playground-test/src/Feature/Http/Controllers/Resource/Playground/CreateJsonTrait.php" line="54" class="Tests\Feature\Playground\Lead\Api\Http\Controllers\Playground\CampaignRouteTest" classname="Tests.Feature.Playground.Lead.Api.Http.Controllers.Playground.CampaignRouteTest" assertions="123" time="0.408142"/>
        <testcase name="test_json_get_create_info_as_admin_with_invalid_parameter_and_fail_validation" file="/app/vendor/gammamatrix/playground-test/src/Feature/Http/Controllers/Resource/Playground/CreateJsonTrait.php" line="74" class="Tests\Feature\Playground\Lead\Api\Http\Controllers\Playground\CampaignRouteTest" classname="Tests.Feature.Playground.Lead.Api.Http.Controllers.Playground.CampaignRouteTest" assertions="4" time="0.387435"/>
        <testcase name="test_json_guest_cannot_destroy" file="/app/vendor/gammamatrix/playground-test/src/Feature/Http/Controllers/Resource/Playground/DestroyJsonTrait.php" line="32" class="Tests\Feature\Playground\Lead\Api\Http\Controllers\Playground\CampaignRouteTest" classname="Tests.Feature.Playground.Lead.Api.Http.Controllers.Playground.CampaignRouteTest" assertions="3" time="0.378549"/>
        <testcase name="test_json_destroy_as_admin_and_succeed" file="/app/vendor/gammamatrix/playground-test/src/Feature/Http/Controllers/Resource/Playground/DestroyJsonTrait.php" line="62" class="Tests\Feature\Playground\Lead\Api\Http\Controllers\Playground\CampaignRouteTest" classname="Tests.Feature.Playground.Lead.Api.Http.Controllers.Playground.CampaignRouteTest" assertions="5" time="0.390945"/>
        <testcase name="test_json_destroy_as_admin_and_succeed_with_force_delete" file="/app/vendor/gammamatrix/playground-test/src/Feature/Http/Controllers/Resource/Playground/DestroyJsonTrait.php" line="101" class="Tests\Feature\Playground\Lead\Api\Http\Controllers\Playground\CampaignRouteTest" classname="Tests.Feature.Playground.Lead.Api.Http.Controllers.Playground.CampaignRouteTest" assertions="4" time="0.383868"/>
        <testcase name="test_json_destroy_as_admin_and_succeed_with_no_content" file="/app/vendor/gammamatrix/playground-test/src/Feature/Http/Controllers/Resource/Playground/DestroyJsonTrait.php" line="133" class="Tests\Feature\Playground\Lead\Api\Http\Controllers\Playground\CampaignRouteTest" classname="Tests.Feature.Playground.Lead.Api.Http.Controllers.Playground.CampaignRouteTest" assertions="5" time="0.383354"/>
        <testcase name="test_json_destroy_as_admin_and_succeed_and_ignore_redirect" file="/app/vendor/gammamatrix/playground-test/src/Feature/Http/Controllers/Resource/Playground/DestroyJsonTrait.php" line="168" class="Tests\Feature\Playground\Lead\Api\Http\Controllers\Playground\CampaignRouteTest" classname="Tests.Feature.Playground.Lead.Api.Http.Controllers.Playground.CampaignRouteTest" assertions="5" time="0.386967"/>
        <testcase name="test_json_destroy_as_user_and_get_denied_and_no_force_delete_allowed" file="/app/vendor/gammamatrix/playground-test/src/Feature/Http/Controllers/Resource/Playground/DestroyJsonTrait.php" line="210" class="Tests\Feature\Playground\Lead\Api\Http\Controllers\Playground\CampaignRouteTest" classname="Tests.Feature.Playground.Lead.Api.Http.Controllers.Playground.CampaignRouteTest" assertions="3" time="0.382128"/>
        <testcase name="test_json_guest_cannot_get_edit_info" file="/app/vendor/gammamatrix/playground-test/src/Feature/Http/Controllers/Resource/Playground/EditJsonTrait.php" line="39" class="Tests\Feature\Playground\Lead\Api\Http\Controllers\Playground\CampaignRouteTest" classname="Tests.Feature.Playground.Lead.Api.Http.Controllers.Playground.CampaignRouteTest" assertions="1" time="0.371228"/>
[...]
        <testcase name="test_json_guest_cannot_see_info" file="/app/vendor/gammamatrix/playground-test/src/Feature/Http/Controllers/Resource/Playground/ShowJsonTrait.php" line="30" class="Tests\Feature\Playground\Lead\Api\Http\Controllers\Playground\TeamRouteTest" classname="Tests.Feature.Playground.Lead.Api.Http.Controllers.Playground.TeamRouteTest" assertions="1" time="0.403297"/>
        <testcase name="test_json_show_info_for_admin" file="/app/vendor/gammamatrix/playground-test/src/Feature/Http/Controllers/Resource/Playground/ShowJsonTrait.php" line="50" class="Tests\Feature\Playground\Lead\Api\Http\Controllers\Playground\TeamRouteTest" classname="Tests.Feature.Playground.Lead.Api.Http.Controllers.Playground.TeamRouteTest" assertions="124" time="0.413968"/>
        <testcase name="test_json_guest_cannot_store" file="/app/vendor/gammamatrix/playground-test/src/Feature/Http/Controllers/Resource/Playground/StoreJsonTrait.php" line="44" class="Tests\Feature\Playground\Lead\Api\Http\Controllers\Playground\TeamRouteTest" classname="Tests.Feature.Playground.Lead.Api.Http.Controllers.Playground.TeamRouteTest" assertions="3" time="0.391705"/>
        <testcase name="test_json_store_as_admin_without_payload_and_fail_validation" file="/app/vendor/gammamatrix/playground-test/src/Feature/Http/Controllers/Resource/Playground/StoreJsonTrait.php" line="67" class="Tests\Feature\Playground\Lead\Api\Http\Controllers\Playground\TeamRouteTest" classname="Tests.Feature.Playground.Lead.Api.Http.Controllers.Playground.TeamRouteTest" assertions="5" time="0.415761"/>
        <testcase name="test_json_store_as_admin_and_succeed" file="/app/vendor/gammamatrix/playground-test/src/Feature/Http/Controllers/Resource/Playground/StoreJsonTrait.php" line="93" class="Tests\Feature\Playground\Lead\Api\Http\Controllers\Playground\TeamRouteTest" classname="Tests.Feature.Playground.Lead.Api.Http.Controllers.Playground.TeamRouteTest" assertions="3" time="0.455527"/>
        <testcase name="test_json_guest_cannot_unlock" file="/app/vendor/gammamatrix/playground-test/src/Feature/Http/Controllers/Resource/Playground/UnlockJsonTrait.php" line="37" class="Tests\Feature\Playground\Lead\Api\Http\Controllers\Playground\TeamRouteTest" classname="Tests.Feature.Playground.Lead.Api.Http.Controllers.Playground.TeamRouteTest" assertions="3" time="0.402391"/>
        <testcase name="test_json_unlock_as_admin_and_succeed" file="/app/vendor/gammamatrix/playground-test/src/Feature/Http/Controllers/Resource/Playground/UnlockJsonTrait.php" line="69" class="Tests\Feature\Playground\Lead\Api\Http\Controllers\Playground\TeamRouteTest" classname="Tests.Feature.Playground.Lead.Api.Http.Controllers.Playground.TeamRouteTest" assertions="125" time="0.445987"/>
        <testcase name="test_json_unlock_as_admin_and_succeed_with_no_redirect" file="/app/vendor/gammamatrix/playground-test/src/Feature/Http/Controllers/Resource/Playground/UnlockJsonTrait.php" line="105" class="Tests\Feature\Playground\Lead\Api\Http\Controllers\Playground\TeamRouteTest" classname="Tests.Feature.Playground.Lead.Api.Http.Controllers.Playground.TeamRouteTest" assertions="125" time="0.437264"/>
        <testcase name="test_json_unlock_as_user_and_get_denied" file="/app/vendor/gammamatrix/playground-test/src/Feature/Http/Controllers/Resource/Playground/UnlockJsonTrait.php" line="146" class="Tests\Feature\Playground\Lead\Api\Http\Controllers\Playground\TeamRouteTest" classname="Tests.Feature.Playground.Lead.Api.Http.Controllers.Playground.TeamRouteTest" assertions="3" time="0.415024"/>
        <testcase name="test_json_guest_cannot_update" file="/app/vendor/gammamatrix/playground-test/src/Feature/Http/Controllers/Resource/Playground/UpdateJsonTrait.php" line="46" class="Tests\Feature\Playground\Lead\Api\Http\Controllers\Playground\TeamRouteTest" classname="Tests.Feature.Playground.Lead.Api.Http.Controllers.Playground.TeamRouteTest" assertions="1" time="0.409101"/>
        <testcase name="test_json_update_as_admin_without_payload_and_passes_validation" file="/app/vendor/gammamatrix/playground-test/src/Feature/Http/Controllers/Resource/Playground/UpdateJsonTrait.php" line="66" class="Tests\Feature\Playground\Lead\Api\Http\Controllers\Playground\TeamRouteTest" classname="Tests.Feature.Playground.Lead.Api.Http.Controllers.Playground.TeamRouteTest" assertions="2" time="0.430464"/>
        <testcase name="test_json_admin_can_update" file="/app/vendor/gammamatrix/playground-test/src/Feature/Http/Controllers/Resource/Playground/UpdateJsonTrait.php" line="114" class="Tests\Feature\Playground\Lead\Api\Http\Controllers\Playground\TeamRouteTest" classname="Tests.Feature.Playground.Lead.Api.Http.Controllers.Playground.TeamRouteTest" assertions="127" time="0.479740"/>
      </testsuite>
      <testsuite name="Tests\Feature\Playground\Lead\Api\Http\Controllers\Playground\TeammateRouteTest" file="/app/tests/Feature/Http/Controllers/Playground/TeammateRouteTest.php" tests="35" assertions="1205" errors="0" failures="0" skipped="0" time="14.420883">
        <testcase name="test_json_guest_cannot_get_create_info" file="/app/vendor/gammamatrix/playground-test/src/Feature/Http/Controllers/Resource/Playground/CreateJsonTrait.php" line="39" class="Tests\Feature\Playground\Lead\Api\Http\Controllers\Playground\TeammateRouteTest" classname="Tests.Feature.Playground.Lead.Api.Http.Controllers.Playground.TeammateRouteTest" assertions="1" time="0.384672"/>
        <testcase name="test_json_admin_can_get_create_info" file="/app/vendor/gammamatrix/playground-test/src/Feature/Http/Controllers/Resource/Playground/CreateJsonTrait.php" line="54" class="Tests\Feature\Playground\Lead\Api\Http\Controllers\Playground\TeammateRouteTest" classname="Tests.Feature.Playground.Lead.Api.Http.Controllers.Playground.TeammateRouteTest" assertions="123" time="0.403086"/>
        <testcase name="test_json_get_create_info_as_admin_with_invalid_parameter_and_fail_validation" file="/app/vendor/gammamatrix/playground-test/src/Feature/Http/Controllers/Resource/Playground/CreateJsonTrait.php" line="74" class="Tests\Feature\Playground\Lead\Api\Http\Controllers\Playground\TeammateRouteTest" classname="Tests.Feature.Playground.Lead.Api.Http.Controllers.Playground.TeammateRouteTest" assertions="4" time="0.398448"/>
        <testcase name="test_json_guest_cannot_destroy" file="/app/vendor/gammamatrix/playground-test/src/Feature/Http/Controllers/Resource/Playground/DestroyJsonTrait.php" line="32" class="Tests\Feature\Playground\Lead\Api\Http\Controllers\Playground\TeammateRouteTest" classname="Tests.Feature.Playground.Lead.Api.Http.Controllers.Playground.TeammateRouteTest" assertions="3" time="0.392988"/>
        <testcase name="test_json_destroy_as_admin_and_succeed" file="/app/vendor/gammamatrix/playground-test/src/Feature/Http/Controllers/Resource/Playground/DestroyJsonTrait.php" line="62" class="Tests\Feature\Playground\Lead\Api\Http\Controllers\Playground\TeammateRouteTest" classname="Tests.Feature.Playground.Lead.Api.Http.Controllers.Playground.TeammateRouteTest" assertions="5" time="0.397765"/>
        <testcase name="test_json_destroy_as_admin_and_succeed_with_force_delete" file="/app/vendor/gammamatrix/playground-test/src/Feature/Http/Controllers/Resource/Playground/DestroyJsonTrait.php" line="101" class="Tests\Feature\Playground\Lead\Api\Http\Controllers\Playground\TeammateRouteTest" classname="Tests.Feature.Playground.Lead.Api.Http.Controllers.Playground.TeammateRouteTest" assertions="4" time="0.402392"/>
        <testcase name="test_json_destroy_as_admin_and_succeed_with_no_content" file="/app/vendor/gammamatrix/playground-test/src/Feature/Http/Controllers/Resource/Playground/DestroyJsonTrait.php" line="133" class="Tests\Feature\Playground\Lead\Api\Http\Controllers\Playground\TeammateRouteTest" classname="Tests.Feature.Playground.Lead.Api.Http.Controllers.Playground.TeammateRouteTest" assertions="5" time="0.410553"/>
        <testcase name="test_json_destroy_as_admin_and_succeed_and_ignore_redirect" file="/app/vendor/gammamatrix/playground-test/src/Feature/Http/Controllers/Resource/Playground/DestroyJsonTrait.php" line="168" class="Tests\Feature\Playground\Lead\Api\Http\Controllers\Playground\TeammateRouteTest" classname="Tests.Feature.Playground.Lead.Api.Http.Controllers.Playground.TeammateRouteTest" assertions="5" time="0.408674"/>
        <testcase name="test_json_destroy_as_user_and_get_denied_and_no_force_delete_allowed" file="/app/vendor/gammamatrix/playground-test/src/Feature/Http/Controllers/Resource/Playground/DestroyJsonTrait.php" line="210" class="Tests\Feature\Playground\Lead\Api\Http\Controllers\Playground\TeammateRouteTest" classname="Tests.Feature.Playground.Lead.Api.Http.Controllers.Playground.TeammateRouteTest" assertions="3" time="0.406090"/>
        <testcase name="test_json_guest_cannot_get_edit_info" file="/app/vendor/gammamatrix/playground-test/src/Feature/Http/Controllers/Resource/Playground/EditJsonTrait.php" line="39" class="Tests\Feature\Playground\Lead\Api\Http\Controllers\Playground\TeammateRouteTest" classname="Tests.Feature.Playground.Lead.Api.Http.Controllers.Playground.TeammateRouteTest" assertions="1" time="0.388032"/>
        <testcase name="test_json_admin_can_get_edit_info" file="/app/vendor/gammamatrix/playground-test/src/Feature/Http/Controllers/Resource/Playground/EditJsonTrait.php" line="59" class="Tests\Feature\Playground\Lead\Api\Http\Controllers\Playground\TeammateRouteTest" classname="Tests.Feature.Playground.Lead.Api.Http.Controllers.Playground.TeammateRouteTest" assertions="4" time="0.435669"/>
        <testcase name="test_json_edit_as_admin_and_fail_validation_with_invalid_parameter" file="/app/vendor/gammamatrix/playground-test/src/Feature/Http/Controllers/Resource/Playground/EditJsonTrait.php" line="88" class="Tests\Feature\Playground\Lead\Api\Http\Controllers\Playground\TeammateRouteTest" classname="Tests.Feature.Playground.Lead.Api.Http.Controllers.Playground.TeammateRouteTest" assertions="4" time="0.415565"/>
        <testcase name="test_json_guest_cannot_get_index" file="/app/vendor/gammamatrix/playground-test/src/Feature/Http/Controllers/Resource/Playground/IndexJsonTrait.php" line="35" class="Tests\Feature\Playground\Lead\Api\Http\Controllers\Playground\TeammateRouteTest" classname="Tests.Feature.Playground.Lead.Api.Http.Controllers.Playground.TeammateRouteTest" assertions="1" time="0.398216"/>
        <testcase name="test_json_admin_can_get_index" file="/app/vendor/gammamatrix/playground-test/src/Feature/Http/Controllers/Resource/Playground/IndexJsonTrait.php" line="50" class="Tests\Feature\Playground\Lead\Api\Http\Controllers\Playground\TeammateRouteTest" classname="Tests.Feature.Playground.Lead.Api.Http.Controllers.Playground.TeammateRouteTest" assertions="127" time="0.422155"/>
        <testcase name="test_json_admin_can_get_index_with_filters" file="/app/vendor/gammamatrix/playground-test/src/Feature/Http/Controllers/Resource/Playground/IndexJsonTrait.php" line="86" class="Tests\Feature\Playground\Lead\Api\Http\Controllers\Playground\TeammateRouteTest" classname="Tests.Feature.Playground.Lead.Api.Http.Controllers.Playground.TeammateRouteTest" assertions="3" time="0.442241"/>
        <testcase name="test_json_guest_cannot_lock" file="/app/vendor/gammamatrix/playground-test/src/Feature/Http/Controllers/Resource/Playground/LockJsonTrait.php" line="37" class="Tests\Feature\Playground\Lead\Api\Http\Controllers\Playground\TeammateRouteTest" classname="Tests.Feature.Playground.Lead.Api.Http.Controllers.Playground.TeammateRouteTest" assertions="3" time="0.395820"/>
        <testcase name="test_json_lock_as_admin_and_succeed" file="/app/vendor/gammamatrix/playground-test/src/Feature/Http/Controllers/Resource/Playground/LockJsonTrait.php" line="67" class="Tests\Feature\Playground\Lead\Api\Http\Controllers\Playground\TeammateRouteTest" classname="Tests.Feature.Playground.Lead.Api.Http.Controllers.Playground.TeammateRouteTest" assertions="3" time="0.420148"/>
        <testcase name="test_json_lock_as_admin_and_succeed_with_no_redirect" file="/app/vendor/gammamatrix/playground-test/src/Feature/Http/Controllers/Resource/Playground/LockJsonTrait.php" line="99" class="Tests\Feature\Playground\Lead\Api\Http\Controllers\Playground\TeammateRouteTest" classname="Tests.Feature.Playground.Lead.Api.Http.Controllers.Playground.TeammateRouteTest" assertions="125" time="0.422747"/>
        <testcase name="test_json_lock_as_user_and_get_denied" file="/app/vendor/gammamatrix/playground-test/src/Feature/Http/Controllers/Resource/Playground/LockJsonTrait.php" line="144" class="Tests\Feature\Playground\Lead\Api\Http\Controllers\Playground\TeammateRouteTest" classname="Tests.Feature.Playground.Lead.Api.Http.Controllers.Playground.TeammateRouteTest" assertions="3" time="0.418000"/>
        <testcase name="test_json_guest_cannot_restore" file="/app/vendor/gammamatrix/playground-test/src/Feature/Http/Controllers/Resource/Playground/RestoreJsonTrait.php" line="33" class="Tests\Feature\Playground\Lead\Api\Http\Controllers\Playground\TeammateRouteTest" classname="Tests.Feature.Playground.Lead.Api.Http.Controllers.Playground.TeammateRouteTest" assertions="3" time="0.393889"/>
        <testcase name="test_json_restore_as_admin_and_succeed" file="/app/vendor/gammamatrix/playground-test/src/Feature/Http/Controllers/Resource/Playground/RestoreJsonTrait.php" line="65" class="Tests\Feature\Playground\Lead\Api\Http\Controllers\Playground\TeammateRouteTest" classname="Tests.Feature.Playground.Lead.Api.Http.Controllers.Playground.TeammateRouteTest" assertions="125" time="0.410615"/>
        <testcase name="test_json_restore_as_admin_and_succeed_with_no_redirect" file="/app/vendor/gammamatrix/playground-test/src/Feature/Http/Controllers/Resource/Playground/RestoreJsonTrait.php" line="101" class="Tests\Feature\Playground\Lead\Api\Http\Controllers\Playground\TeammateRouteTest" classname="Tests.Feature.Playground.Lead.Api.Http.Controllers.Playground.TeammateRouteTest" assertions="125" time="0.419138"/>
        <testcase name="test_json_restore_as_user_and_get_denied" file="/app/vendor/gammamatrix/playground-test/src/Feature/Http/Controllers/Resource/Playground/RestoreJsonTrait.php" line="144" class="Tests\Feature\Playground\Lead\Api\Http\Controllers\Playground\TeammateRouteTest" classname="Tests.Feature.Playground.Lead.Api.Http.Controllers.Playground.TeammateRouteTest" assertions="3" time="0.407295"/>
        <testcase name="test_json_guest_cannot_see_info" file="/app/vendor/gammamatrix/playground-test/src/Feature/Http/Controllers/Resource/Playground/ShowJsonTrait.php" line="30" class="Tests\Feature\Playground\Lead\Api\Http\Controllers\Playground\TeammateRouteTest" classname="Tests.Feature.Playground.Lead.Api.Http.Controllers.Playground.TeammateRouteTest" assertions="1" time="0.393414"/>
        <testcase name="test_json_show_info_for_admin" file="/app/vendor/gammamatrix/playground-test/src/Feature/Http/Controllers/Resource/Playground/ShowJsonTrait.php" line="50" class="Tests\Feature\Playground\Lead\Api\Http\Controllers\Playground\TeammateRouteTest" classname="Tests.Feature.Playground.Lead.Api.Http.Controllers.Playground.TeammateRouteTest" assertions="124" time="0.423522"/>
        <testcase name="test_json_guest_cannot_store" file="/app/vendor/gammamatrix/playground-test/src/Feature/Http/Controllers/Resource/Playground/StoreJsonTrait.php" line="44" class="Tests\Feature\Playground\Lead\Api\Http\Controllers\Playground\TeammateRouteTest" classname="Tests.Feature.Playground.Lead.Api.Http.Controllers.Playground.TeammateRouteTest" assertions="3" time="0.392466"/>
        <testcase name="test_json_store_as_admin_without_payload_and_fail_validation" file="/app/vendor/gammamatrix/playground-test/src/Feature/Http/Controllers/Resource/Playground/StoreJsonTrait.php" line="67" class="Tests\Feature\Playground\Lead\Api\Http\Controllers\Playground\TeammateRouteTest" classname="Tests.Feature.Playground.Lead.Api.Http.Controllers.Playground.TeammateRouteTest" assertions="5" time="0.408308"/>
        <testcase name="test_json_store_as_admin_and_succeed" file="/app/vendor/gammamatrix/playground-test/src/Feature/Http/Controllers/Resource/Playground/StoreJsonTrait.php" line="93" class="Tests\Feature\Playground\Lead\Api\Http\Controllers\Playground\TeammateRouteTest" classname="Tests.Feature.Playground.Lead.Api.Http.Controllers.Playground.TeammateRouteTest" assertions="3" time="0.445994"/>
        <testcase name="test_json_guest_cannot_unlock" file="/app/vendor/gammamatrix/playground-test/src/Feature/Http/Controllers/Resource/Playground/UnlockJsonTrait.php" line="37" class="Tests\Feature\Playground\Lead\Api\Http\Controllers\Playground\TeammateRouteTest" classname="Tests.Feature.Playground.Lead.Api.Http.Controllers.Playground.TeammateRouteTest" assertions="3" time="0.393104"/>
        <testcase name="test_json_unlock_as_admin_and_succeed" file="/app/vendor/gammamatrix/playground-test/src/Feature/Http/Controllers/Resource/Playground/UnlockJsonTrait.php" line="69" class="Tests\Feature\Playground\Lead\Api\Http\Controllers\Playground\TeammateRouteTest" classname="Tests.Feature.Playground.Lead.Api.Http.Controllers.Playground.TeammateRouteTest" assertions="125" time="0.432639"/>
        <testcase name="test_json_unlock_as_admin_and_succeed_with_no_redirect" file="/app/vendor/gammamatrix/playground-test/src/Feature/Http/Controllers/Resource/Playground/UnlockJsonTrait.php" line="105" class="Tests\Feature\Playground\Lead\Api\Http\Controllers\Playground\TeammateRouteTest" classname="Tests.Feature.Playground.Lead.Api.Http.Controllers.Playground.TeammateRouteTest" assertions="125" time="0.425778"/>
        <testcase name="test_json_unlock_as_user_and_get_denied" file="/app/vendor/gammamatrix/playground-test/src/Feature/Http/Controllers/Resource/Playground/UnlockJsonTrait.php" line="146" class="Tests\Feature\Playground\Lead\Api\Http\Controllers\Playground\TeammateRouteTest" classname="Tests.Feature.Playground.Lead.Api.Http.Controllers.Playground.TeammateRouteTest" assertions="3" time="0.410936"/>
        <testcase name="test_json_guest_cannot_update" file="/app/vendor/gammamatrix/playground-test/src/Feature/Http/Controllers/Resource/Playground/UpdateJsonTrait.php" line="46" class="Tests\Feature\Playground\Lead\Api\Http\Controllers\Playground\TeammateRouteTest" classname="Tests.Feature.Playground.Lead.Api.Http.Controllers.Playground.TeammateRouteTest" assertions="1" time="0.390545"/>
        <testcase name="test_json_update_as_admin_without_payload_and_passes_validation" file="/app/vendor/gammamatrix/playground-test/src/Feature/Http/Controllers/Resource/Playground/UpdateJsonTrait.php" line="66" class="Tests\Feature\Playground\Lead\Api\Http\Controllers\Playground\TeammateRouteTest" classname="Tests.Feature.Playground.Lead.Api.Http.Controllers.Playground.TeammateRouteTest" assertions="2" time="0.427067"/>
        <testcase name="test_json_admin_can_update" file="/app/vendor/gammamatrix/playground-test/src/Feature/Http/Controllers/Resource/Playground/UpdateJsonTrait.php" line="114" class="Tests\Feature\Playground\Lead\Api\Http\Controllers\Playground\TeammateRouteTest" classname="Tests.Feature.Playground.Lead.Api.Http.Controllers.Playground.TeammateRouteTest" assertions="127" time="0.482909"/>
      </testsuite>
      <testsuite name="Tests\Feature\Playground\Lead\Api\Http\Requests\FormRequest\InstanceTest" file="/app/tests/Feature/Http/Requests/FormRequest/InstanceTest.php" tests="1" assertions="1" errors="0" failures="0" skipped="0" time="0.378158">
        <testcase name="test_form_request_authorize_with_admin" file="/app/tests/Feature/Http/Requests/FormRequest/InstanceTest.php" line="23" class="Tests\Feature\Playground\Lead\Api\Http\Requests\FormRequest\InstanceTest" classname="Tests.Feature.Playground.Lead.Api.Http.Requests.FormRequest.InstanceTest" assertions="1" time="0.378158"/>
      </testsuite>
    </testsuite>
  </testsuite>
</testsuites>
